#
# A fatal error has been detected by the Java Runtime Environment:
#
#  EXCEPTION_ACCESS_VIOLATION (0xc0000005) at pc=0x00007ffc8fc58b32, pid=6820, tid=14420
#
# JRE version: Java(TM) SE Runtime Environment (21.0.4+8) (build 21.0.4+8-LTS-274)
# Java VM: Java HotSpot(TM) 64-Bit Server VM (21.0.4+8-LTS-274, mixed mode, sharing, tiered, compressed oops, compressed class ptrs, g1 gc, windows-amd64)
# Problematic frame:
# V  [jvm.dll+0x438b32]
#
# No core dump will be written. Minidumps are not enabled by default on client versions of Windows
#
# If you would like to submit a bug report, please visit:
#   https://bugreport.java.com/bugreport/crash.jsp
#

---------------  S U M M A R Y ------------

Command Line: -XX:+ShowCodeDetailsInExceptionMessages -agentlib:jdwp=transport=dt_socket,suspend=y,address=localhost:64960 --module-path=D:\Hoc_voi_cha_hanh\javafx-sdk-21.0.5\lib --add-modules=javafx.controls,javafx.fxml -javaagent:C:\Users\tranc\eclipse\jee-2024-064\eclipse\configuration\org.eclipse.osgi\448\0\.cp\lib\javaagent-shaded.jar -Dfile.encoding=UTF-8 -Dstdout.encoding=UTF-8 -Dstderr.encoding=UTF-8 --module-path=D:\Hoc_voi_cha_hanh\javafx-sdk-23\lib\javafx.base.jar;D:\Hoc_voi_cha_hanh\javafx-sdk-23\lib\javafx.controls.jar;D:\Hoc_voi_cha_hanh\javafx-sdk-23\lib\javafx.fxml.jar;D:\Hoc_voi_cha_hanh\javafx-sdk-23\lib\javafx.graphics.jar;D:\Hoc_voi_cha_hanh\javafx-sdk-23\lib\javafx.media.jar;D:\Hoc_voi_cha_hanh\javafx-sdk-23\lib\javafx.swing.jar;D:\Hoc_voi_cha_hanh\javafx-sdk-23\lib\javafx.web.jar;D:\Hoc_voi_cha_hanh\javafx-sdk-23\lib\javafx-swt.jar fall24.hsf301.slot1.fxgui.Main

Host: Intel(R) Core(TM) i7-10750H CPU @ 2.60GHz, 12 cores, 15G,  Windows 11 , 64 bit Build 22621 (10.0.22621.3958)
Time: Sat Oct 19 21:58:22 2024 SE Asia Standard Time elapsed time: 0.631951 seconds (0d 0h 0m 0s)

---------------  T H R E A D  ---------------

Current thread (0x0000026b469db1c0):  JavaThread "WindowsNativeRunloopThread"        [_thread_in_vm, id=14420, stack(0x0000009aa0700000,0x0000009aa0800000) (1024K)]

Stack: [0x0000009aa0700000,0x0000009aa0800000],  sp=0x0000009aa07ff450,  free space=1021k
Native frames: (J=compiled Java code, j=interpreted, Vv=VM code, C=native code)
V  [jvm.dll+0x438b32]
C  [glass.dll+0x531c]

Java frames: (J=compiled Java code, j=interpreted, Vv=VM code)
j  com.sun.glass.ui.win.WinApplication._runLoop(Ljava/lang/Runnable;)V+0 javafx.graphics@21.0.5
j  com.sun.glass.ui.win.WinApplication.lambda$runLoop$3(ILjava/lang/Runnable;)V+8 javafx.graphics@21.0.5
j  com.sun.glass.ui.win.WinApplication$$Lambda+0x0000026b0208c000.run()V+12 javafx.graphics@21.0.5
j  java.lang.Thread.runWith(Ljava/lang/Object;Ljava/lang/Runnable;)V+5 java.base@21.0.4
j  java.lang.Thread.run()V+19 java.base@21.0.4
v  ~StubRoutines::call_stub 0x0000026b7085100d

siginfo: EXCEPTION_ACCESS_VIOLATION (0xc0000005), reading address 0x0000000000000000


Registers:
RAX=0x0000000000000000, RBX=0x0000026b469db1c0, RCX=0x0000026b469db578, RDX=0x0000009aa07ff638
RSP=0x0000009aa07ff450, RBP=0x0000009aa07ff558, RSI=0x0000000000000000, RDI=0x0000026b469db578
R8 =0x0000000000000000, R9 =0x0000009aa07ff558, R10=0x0000000000000000, R11=0x0000000000000246
R12=0x0000000000000000, R13=0x0000026b425617a8, R14=0x0000009aa07ff638, R15=0x0000026b469db1c0
RIP=0x00007ffc8fc58b32, EFLAGS=0x0000000000010246


Register to memory mapping:

RAX=0x0 is null
RBX=0x0000026b469db1c0 is a thread
RCX=0x0000026b469db578 points into unknown readable memory: 0x00007ffc903d9610 | 10 96 3d 90 fc 7f 00 00
RDX=0x0000009aa07ff638 is pointing into the stack for thread: 0x0000026b469db1c0
RSP=0x0000009aa07ff450 is pointing into the stack for thread: 0x0000026b469db1c0
RBP=0x0000009aa07ff558 is pointing into the stack for thread: 0x0000026b469db1c0
RSI=0x0 is null
RDI=0x0000026b469db578 points into unknown readable memory: 0x00007ffc903d9610 | 10 96 3d 90 fc 7f 00 00
R8 =0x0 is null
R9 =0x0000009aa07ff558 is pointing into the stack for thread: 0x0000026b469db1c0
R10=0x0 is null
R11=0x0000000000000246 is an unknown value
R12=0x0 is null
R13={method} {0x0000026b425617b0} '_runLoop' '(Ljava/lang/Runnable;)V' in 'com/sun/glass/ui/win/WinApplication'
R14=0x0000009aa07ff638 is pointing into the stack for thread: 0x0000026b469db1c0
R15=0x0000026b469db1c0 is a thread

Top of Stack: (sp=0x0000009aa07ff450)
0x0000009aa07ff450:   0000000000000006 00007ffc8fe8f36c
0x0000009aa07ff460:   0000026b00000000 0000009aa07ff478
0x0000009aa07ff470:   0000ad87531e155e 0000000000320030
0x0000009aa07ff480:   00007ffce6f31f00 00007ffce6609ee1
0x0000009aa07ff490:   0000009aa07ff548 0000000000000000
0x0000009aa07ff4a0:   0000026b469db1c0 0000000000000000
0x0000009aa07ff4b0:   0000000000000000 00007ffce6f572f0
0x0000009aa07ff4c0:   0000026b4671e8e0 00007ffce8115d0f
0x0000009aa07ff4d0:   0000000000180016 00007ffce6f31e58
0x0000009aa07ff4e0:   0000009aa07ff4d0 0000000000000000
0x0000009aa07ff4f0:   0000026b469db1c0 0000009aa07ff640
0x0000009aa07ff500:   0000026b469db578 00007ffcb6cc531c
0x0000009aa07ff510:   0000000000000000 0000009aa07ff618
0x0000009aa07ff520:   0000009aa07ff638 0000026b469db578
0x0000009aa07ff530:   0000009aa07ff638 00007ffcb6ccab56
0x0000009aa07ff540:   0000026b425617a8 0000026b00000000
0x0000009aa07ff550:   0000000000000000 0000000000000000
0x0000009aa07ff560:   0000026b708594b7 0000026b708604b9
0x0000009aa07ff570:   0000026b425617a8 0000026b425617a8
0x0000009aa07ff580:   0000026b425617a8 0000009aa07ff640
0x0000009aa07ff590:   0000026b708594b7 0000026b708607b6
0x0000009aa07ff5a0:   0000026b425617a8 0000009aa07ffc40
0x0000009aa07ff5b0:   3ff0000000000000 0000026b469db1c0
0x0000009aa07ff5c0:   0000009aa07ffc40 0000026b708600bf
0x0000009aa07ff5d0:   0000009aa07ff5d0 0000026b425617a8
0x0000009aa07ff5e0:   0000000000000005 0000026b42588c48
0x0000009aa07ff5f0:   0000000000000000 0000000712663d90
0x0000009aa07ff600:   0000026b425617a8 0000000000000000
0x0000009aa07ff610:   0000009aa07ff638 0000009aa07ff690
0x0000009aa07ff620:   0000026b708591b4 0000000000000000
0x0000009aa07ff630:   0000026b7085c6f7 00000007127f9ff0
0x0000009aa07ff640:   00000007127e4198 0000009aa07ff648 

Instructions: (pc=0x00007ffc8fc58b32)
0x00007ffc8fc58a32:   48 8b 4b 08 48 8b 43 18 48 89 41 18 48 8b 4b 08
0x00007ffc8fc58a42:   48 8b 43 20 48 89 41 20 48 8d 8f 98 03 00 00 e8
0x00007ffc8fc58a52:   ea a2 ed ff 90 c7 87 4c 04 00 00 04 00 00 00 48
0x00007ffc8fc58a62:   81 c4 b8 00 00 00 41 5f 41 5e 5f 5e 5d 5b c3 cc
0x00007ffc8fc58a72:   cc cc cc cc cc cc cc cc cc cc cc cc cc cc 48 89
0x00007ffc8fc58a82:   5c 24 08 48 89 6c 24 10 48 89 74 24 18 57 41 56
0x00007ffc8fc58a92:   41 57 48 81 ec a0 00 00 00 8b 81 b8 00 00 00 48
0x00007ffc8fc58aa2:   8d 99 48 fc ff ff 05 53 21 ff ff 49 8b e9 49 8b
0x00007ffc8fc58ab2:   f0 4c 8b f2 48 8b f9 83 f8 01 77 08 48 8b cb e8
0x00007ffc8fc58ac2:   8a 13 fb ff 80 3d 38 6c 7e 00 00 c7 83 4c 04 00
0x00007ffc8fc58ad2:   00 06 00 00 00 75 06 e8 52 12 28 00 90 48 8b 83
0x00007ffc8fc58ae2:   50 04 00 00 a8 01 74 0d 45 33 c0 b2 01 48 8b cb
0x00007ffc8fc58af2:   e8 49 10 2f 00 8b 83 48 04 00 00 a8 0c 74 08 48
0x00007ffc8fc58b02:   8b cb e8 f7 27 fb ff c7 83 4c 04 00 00 06 00 00
0x00007ffc8fc58b12:   00 48 83 7b 08 00 48 89 5c 24 50 48 c7 44 24 58
0x00007ffc8fc58b22:   00 00 00 00 74 0a 48 8d 4c 24 50 e8 5e d0 2b 00
0x00007ffc8fc58b32:   48 8b 16 48 8d 4c 24 70 c7 44 24 40 0e 00 00 00
0x00007ffc8fc58b42:   e8 39 5f 01 00 48 8d 44 24 70 48 89 5c 24 30 48
0x00007ffc8fc58b52:   89 44 24 28 4c 8d 3d 63 e1 5a 00 41 b9 01 00 00
0x00007ffc8fc58b62:   00 48 89 74 24 20 4d 8b c6 4c 89 7c 24 70 48 8d
0x00007ffc8fc58b72:   54 24 40 48 89 ac 24 98 00 00 00 48 8b cf e8 ab
0x00007ffc8fc58b82:   6c 01 00 48 83 7c 24 58 00 4c 89 7c 24 70 48 c7
0x00007ffc8fc58b92:   84 24 98 00 00 00 00 00 00 00 74 0a 48 8d 4c 24
0x00007ffc8fc58ba2:   50 e8 68 d0 2b 00 48 8b bb 98 01 00 00 48 8b 47
0x00007ffc8fc58bb2:   10 48 83 38 00 74 08 48 8b cf e8 9f 43 f6 ff 48
0x00007ffc8fc58bc2:   8b 4f 08 48 8b 47 10 48 89 41 10 48 8b 4f 08 48
0x00007ffc8fc58bd2:   8b 47 18 48 89 41 18 48 8b 4f 08 48 8b 47 20 48
0x00007ffc8fc58be2:   89 41 20 48 8d 8b 98 03 00 00 e8 4f a1 ed ff 4c
0x00007ffc8fc58bf2:   8d 9c 24 a0 00 00 00 90 49 8b 6b 28 49 8b 73 30
0x00007ffc8fc58c02:   c7 83 4c 04 00 00 04 00 00 00 49 8b 5b 20 49 8b
0x00007ffc8fc58c12:   e3 41 5f 41 5e 5f c3 cc cc cc cc cc cc cc 48 89
0x00007ffc8fc58c22:   5c 24 08 48 89 6c 24 10 48 89 74 24 18 48 89 7c 


Stack slot to memory mapping:

stack at sp + 0 slots: 0x0000000000000006 is an unknown value
stack at sp + 1 slots: 0x00007ffc8fe8f36c jvm.dll
stack at sp + 2 slots: 0x0000026b00000000 is an unknown value
stack at sp + 3 slots: 0x0000009aa07ff478 is pointing into the stack for thread: 0x0000026b469db1c0
stack at sp + 4 slots: 0x0000ad87531e155e is an unknown value
stack at sp + 5 slots: 0x0000000000320030 is an unknown value
stack at sp + 6 slots: 0x00007ffce6f31f00 OLE32.DLL
stack at sp + 7 slots: 0x00007ffce6609ee1 KERNELBASE.dll


---------------  P R O C E S S  ---------------

Threads class SMR info:
_java_thread_list=0x0000026b469dada0, length=19, elements={
0x0000026b60eb45b0, 0x0000026b004f85b0, 0x0000026b004fa4e0, 0x0000026b004fd8b0,
0x0000026b00500b90, 0x0000026b00509a00, 0x0000026b0050a460, 0x0000026b0050eb00,
0x0000026b0050f5a0, 0x0000026b0070d110, 0x0000026b0078a960, 0x0000026b008a2e00,
0x0000026b468994e0, 0x0000026b4694f480, 0x0000026b469fb270, 0x0000026b46010090,
0x0000026b4688e6b0, 0x0000026b469cb390, 0x0000026b469db1c0
}

Java Threads: ( => current thread )
  0x0000026b60eb45b0 JavaThread "main"                              [_thread_blocked, id=12860, stack(0x0000009a9e700000,0x0000009a9e800000) (1024K)]
  0x0000026b004f85b0 JavaThread "Reference Handler"          daemon [_thread_blocked, id=2284, stack(0x0000009a9ef00000,0x0000009a9f000000) (1024K)]
  0x0000026b004fa4e0 JavaThread "Finalizer"                  daemon [_thread_blocked, id=10304, stack(0x0000009a9f000000,0x0000009a9f100000) (1024K)]
  0x0000026b004fd8b0 JavaThread "Signal Dispatcher"          daemon [_thread_blocked, id=2300, stack(0x0000009a9f100000,0x0000009a9f200000) (1024K)]
  0x0000026b00500b90 JavaThread "Attach Listener"            daemon [_thread_blocked, id=19812, stack(0x0000009a9f200000,0x0000009a9f300000) (1024K)]
  0x0000026b00509a00 JavaThread "Service Thread"             daemon [_thread_blocked, id=9172, stack(0x0000009a9f300000,0x0000009a9f400000) (1024K)]
  0x0000026b0050a460 JavaThread "Monitor Deflation Thread"   daemon [_thread_blocked, id=16084, stack(0x0000009a9f400000,0x0000009a9f500000) (1024K)]
  0x0000026b0050eb00 JavaThread "C2 CompilerThread0"         daemon [_thread_blocked, id=12016, stack(0x0000009a9f500000,0x0000009a9f600000) (1024K)]
  0x0000026b0050f5a0 JavaThread "C1 CompilerThread0"         daemon [_thread_blocked, id=12500, stack(0x0000009a9f600000,0x0000009a9f700000) (1024K)]
  0x0000026b0070d110 JavaThread "Common-Cleaner"             daemon [_thread_blocked, id=23228, stack(0x0000009a9f700000,0x0000009a9f800000) (1024K)]
  0x0000026b0078a960 JavaThread "C2 CompilerThread1"         daemon [_thread_blocked, id=13976, stack(0x0000009a9f800000,0x0000009a9f900000) (1024K)]
  0x0000026b008a2e00 JavaThread "C2 CompilerThread2"         daemon [_thread_blocked, id=14404, stack(0x0000009a9f900000,0x0000009a9fa00000) (1024K)]
  0x0000026b468994e0 JavaThread "JDWP Transport Listener: dt_socket" daemon [_thread_blocked, id=14512, stack(0x0000009a9fa00000,0x0000009a9fb00000) (1024K)]
  0x0000026b4694f480 JavaThread "JDWP Event Helper Thread"   daemon [_thread_blocked, id=11568, stack(0x0000009a9fb00000,0x0000009a9fc00000) (1024K)]
  0x0000026b469fb270 JavaThread "JDWP Command Reader"        daemon [_thread_in_native, id=22184, stack(0x0000009a9fc00000,0x0000009a9fd00000) (1024K)]
  0x0000026b46010090 JavaThread "Notification Thread"        daemon [_thread_blocked, id=17844, stack(0x0000009a9fd00000,0x0000009a9fe00000) (1024K)]
  0x0000026b4688e6b0 JavaThread "QuantumRenderer-0"          daemon [_thread_blocked, id=1412, stack(0x0000009aa0500000,0x0000009aa0600000) (1024K)]
  0x0000026b469cb390 JavaThread "InvokeLaterDispatcher"      daemon [_thread_blocked, id=20660, stack(0x0000009aa0600000,0x0000009aa0700000) (1024K)]
=>0x0000026b469db1c0 JavaThread "WindowsNativeRunloopThread"        [_thread_in_vm, id=14420, stack(0x0000009aa0700000,0x0000009aa0800000) (1024K)]
Total: 19

Other Threads:
  0x0000026b004d76d0 VMThread "VM Thread"                           [id=15864, stack(0x0000009a9ee00000,0x0000009a9ef00000) (1024K)]
  0x0000026b004be170 WatcherThread "VM Periodic Task Thread"        [id=23008, stack(0x0000009a9ed00000,0x0000009a9ee00000) (1024K)]
  0x0000026b60f1b150 WorkerThread "GC Thread#0"                     [id=8248, stack(0x0000009a9e800000,0x0000009a9e900000) (1024K)]
  0x0000026b46ac9100 WorkerThread "GC Thread#1"                     [id=18088, stack(0x0000009a9fe00000,0x0000009a9ff00000) (1024K)]
  0x0000026b46ad7be0 WorkerThread "GC Thread#2"                     [id=16488, stack(0x0000009a9ff00000,0x0000009aa0000000) (1024K)]
  0x0000026b46ad7f80 WorkerThread "GC Thread#3"                     [id=8432, stack(0x0000009aa0000000,0x0000009aa0100000) (1024K)]
  0x0000026b46a0c730 WorkerThread "GC Thread#4"                     [id=2996, stack(0x0000009aa0100000,0x0000009aa0200000) (1024K)]
  0x0000026b46a0cad0 WorkerThread "GC Thread#5"                     [id=14968, stack(0x0000009aa0200000,0x0000009aa0300000) (1024K)]
  0x0000026b46732a60 WorkerThread "GC Thread#6"                     [id=21392, stack(0x0000009aa0300000,0x0000009aa0400000) (1024K)]
  0x0000026b46733010 WorkerThread "GC Thread#7"                     [id=18308, stack(0x0000009aa0400000,0x0000009aa0500000) (1024K)]
  0x0000026b5ee1e670 ConcurrentGCThread "G1 Main Marker"            [id=19252, stack(0x0000009a9e900000,0x0000009a9ea00000) (1024K)]
  0x0000026b60f28130 WorkerThread "G1 Conc#0"                       [id=11380, stack(0x0000009a9ea00000,0x0000009a9eb00000) (1024K)]
  0x0000026b60f6eab0 ConcurrentGCThread "G1 Refine#0"               [id=21172, stack(0x0000009a9eb00000,0x0000009a9ec00000) (1024K)]
  0x0000026b0038f430 ConcurrentGCThread "G1 Service"                [id=10996, stack(0x0000009a9ec00000,0x0000009a9ed00000) (1024K)]
Total: 14

Threads with active compile tasks:
Total: 0

VM state: not at safepoint (normal execution)

VM Mutex/Monitor currently owned by a thread: None

Heap address: 0x0000000702c00000, size: 4052 MB, Compressed Oops mode: Zero based, Oop shift amount: 3

CDS archive(s) mapped at: [0x0000026b01000000-0x0000026b01c90000-0x0000026b01c90000), size 13172736, SharedBaseAddress: 0x0000026b01000000, ArchiveRelocationMode: 1.
Compressed class space mapped at: 0x0000026b02000000-0x0000026b42000000, reserved size: 1073741824
Narrow klass base: 0x0000026b01000000, Narrow klass shift: 0, Narrow klass range: 0x100000000

GC Precious Log:
 CardTable entry size: 512
 Card Set container configuration: InlinePtr #cards 4 size 8 Array Of Cards #cards 16 size 48 Howl #buckets 8 coarsen threshold 3686 Howl Bitmap #cards 512 size 80 coarsen threshold 460 Card regions per heap region 1 cards per card region 4096
 CPUs: 12 total, 12 available
 Memory: 16204M
 Large Page Support: Disabled
 NUMA Support: Disabled
 Compressed Oops: Enabled (Zero based)
 Heap Region Size: 2M
 Heap Min Capacity: 8M
 Heap Initial Capacity: 254M
 Heap Max Capacity: 4052M
 Pre-touch: Disabled
 Parallel Workers: 10
 Concurrent Workers: 3
 Concurrent Refinement Workers: 10
 Periodic GC: Disabled

Heap:
 garbage-first heap   total 260096K, used 8192K [0x0000000702c00000, 0x0000000800000000)
  region size 2048K, 5 young (10240K), 2 survivors (4096K)
 Metaspace       used 4917K, committed 5120K, reserved 1114112K
  class space    used 475K, committed 576K, reserved 1048576K

Heap Regions: E=young(eden), S=young(survivor), O=old, HS=humongous(starts), HC=humongous(continues), CS=collection set, F=free, TAMS=top-at-mark-start, PB=parsable bottom
|   0|0x0000000702c00000, 0x0000000702c00000, 0x0000000702e00000|  0%| F|  |TAMS 0x0000000702c00000| PB 0x0000000702c00000| Untracked 
|   1|0x0000000702e00000, 0x0000000702e00000, 0x0000000703000000|  0%| F|  |TAMS 0x0000000702e00000| PB 0x0000000702e00000| Untracked 
|   2|0x0000000703000000, 0x0000000703000000, 0x0000000703200000|  0%| F|  |TAMS 0x0000000703000000| PB 0x0000000703000000| Untracked 
|   3|0x0000000703200000, 0x0000000703200000, 0x0000000703400000|  0%| F|  |TAMS 0x0000000703200000| PB 0x0000000703200000| Untracked 
|   4|0x0000000703400000, 0x0000000703400000, 0x0000000703600000|  0%| F|  |TAMS 0x0000000703400000| PB 0x0000000703400000| Untracked 
|   5|0x0000000703600000, 0x0000000703600000, 0x0000000703800000|  0%| F|  |TAMS 0x0000000703600000| PB 0x0000000703600000| Untracked 
|   6|0x0000000703800000, 0x0000000703800000, 0x0000000703a00000|  0%| F|  |TAMS 0x0000000703800000| PB 0x0000000703800000| Untracked 
|   7|0x0000000703a00000, 0x0000000703a00000, 0x0000000703c00000|  0%| F|  |TAMS 0x0000000703a00000| PB 0x0000000703a00000| Untracked 
|   8|0x0000000703c00000, 0x0000000703c00000, 0x0000000703e00000|  0%| F|  |TAMS 0x0000000703c00000| PB 0x0000000703c00000| Untracked 
|   9|0x0000000703e00000, 0x0000000703e00000, 0x0000000704000000|  0%| F|  |TAMS 0x0000000703e00000| PB 0x0000000703e00000| Untracked 
|  10|0x0000000704000000, 0x0000000704000000, 0x0000000704200000|  0%| F|  |TAMS 0x0000000704000000| PB 0x0000000704000000| Untracked 
|  11|0x0000000704200000, 0x0000000704200000, 0x0000000704400000|  0%| F|  |TAMS 0x0000000704200000| PB 0x0000000704200000| Untracked 
|  12|0x0000000704400000, 0x0000000704400000, 0x0000000704600000|  0%| F|  |TAMS 0x0000000704400000| PB 0x0000000704400000| Untracked 
|  13|0x0000000704600000, 0x0000000704600000, 0x0000000704800000|  0%| F|  |TAMS 0x0000000704600000| PB 0x0000000704600000| Untracked 
|  14|0x0000000704800000, 0x0000000704800000, 0x0000000704a00000|  0%| F|  |TAMS 0x0000000704800000| PB 0x0000000704800000| Untracked 
|  15|0x0000000704a00000, 0x0000000704a00000, 0x0000000704c00000|  0%| F|  |TAMS 0x0000000704a00000| PB 0x0000000704a00000| Untracked 
|  16|0x0000000704c00000, 0x0000000704c00000, 0x0000000704e00000|  0%| F|  |TAMS 0x0000000704c00000| PB 0x0000000704c00000| Untracked 
|  17|0x0000000704e00000, 0x0000000704e00000, 0x0000000705000000|  0%| F|  |TAMS 0x0000000704e00000| PB 0x0000000704e00000| Untracked 
|  18|0x0000000705000000, 0x0000000705000000, 0x0000000705200000|  0%| F|  |TAMS 0x0000000705000000| PB 0x0000000705000000| Untracked 
|  19|0x0000000705200000, 0x0000000705200000, 0x0000000705400000|  0%| F|  |TAMS 0x0000000705200000| PB 0x0000000705200000| Untracked 
|  20|0x0000000705400000, 0x0000000705400000, 0x0000000705600000|  0%| F|  |TAMS 0x0000000705400000| PB 0x0000000705400000| Untracked 
|  21|0x0000000705600000, 0x0000000705600000, 0x0000000705800000|  0%| F|  |TAMS 0x0000000705600000| PB 0x0000000705600000| Untracked 
|  22|0x0000000705800000, 0x0000000705800000, 0x0000000705a00000|  0%| F|  |TAMS 0x0000000705800000| PB 0x0000000705800000| Untracked 
|  23|0x0000000705a00000, 0x0000000705a00000, 0x0000000705c00000|  0%| F|  |TAMS 0x0000000705a00000| PB 0x0000000705a00000| Untracked 
|  24|0x0000000705c00000, 0x0000000705c00000, 0x0000000705e00000|  0%| F|  |TAMS 0x0000000705c00000| PB 0x0000000705c00000| Untracked 
|  25|0x0000000705e00000, 0x0000000705e00000, 0x0000000706000000|  0%| F|  |TAMS 0x0000000705e00000| PB 0x0000000705e00000| Untracked 
|  26|0x0000000706000000, 0x0000000706000000, 0x0000000706200000|  0%| F|  |TAMS 0x0000000706000000| PB 0x0000000706000000| Untracked 
|  27|0x0000000706200000, 0x0000000706200000, 0x0000000706400000|  0%| F|  |TAMS 0x0000000706200000| PB 0x0000000706200000| Untracked 
|  28|0x0000000706400000, 0x0000000706400000, 0x0000000706600000|  0%| F|  |TAMS 0x0000000706400000| PB 0x0000000706400000| Untracked 
|  29|0x0000000706600000, 0x0000000706600000, 0x0000000706800000|  0%| F|  |TAMS 0x0000000706600000| PB 0x0000000706600000| Untracked 
|  30|0x0000000706800000, 0x0000000706800000, 0x0000000706a00000|  0%| F|  |TAMS 0x0000000706800000| PB 0x0000000706800000| Untracked 
|  31|0x0000000706a00000, 0x0000000706a00000, 0x0000000706c00000|  0%| F|  |TAMS 0x0000000706a00000| PB 0x0000000706a00000| Untracked 
|  32|0x0000000706c00000, 0x0000000706c00000, 0x0000000706e00000|  0%| F|  |TAMS 0x0000000706c00000| PB 0x0000000706c00000| Untracked 
|  33|0x0000000706e00000, 0x0000000706e00000, 0x0000000707000000|  0%| F|  |TAMS 0x0000000706e00000| PB 0x0000000706e00000| Untracked 
|  34|0x0000000707000000, 0x0000000707000000, 0x0000000707200000|  0%| F|  |TAMS 0x0000000707000000| PB 0x0000000707000000| Untracked 
|  35|0x0000000707200000, 0x0000000707200000, 0x0000000707400000|  0%| F|  |TAMS 0x0000000707200000| PB 0x0000000707200000| Untracked 
|  36|0x0000000707400000, 0x0000000707400000, 0x0000000707600000|  0%| F|  |TAMS 0x0000000707400000| PB 0x0000000707400000| Untracked 
|  37|0x0000000707600000, 0x0000000707600000, 0x0000000707800000|  0%| F|  |TAMS 0x0000000707600000| PB 0x0000000707600000| Untracked 
|  38|0x0000000707800000, 0x0000000707800000, 0x0000000707a00000|  0%| F|  |TAMS 0x0000000707800000| PB 0x0000000707800000| Untracked 
|  39|0x0000000707a00000, 0x0000000707a00000, 0x0000000707c00000|  0%| F|  |TAMS 0x0000000707a00000| PB 0x0000000707a00000| Untracked 
|  40|0x0000000707c00000, 0x0000000707c00000, 0x0000000707e00000|  0%| F|  |TAMS 0x0000000707c00000| PB 0x0000000707c00000| Untracked 
|  41|0x0000000707e00000, 0x0000000707e00000, 0x0000000708000000|  0%| F|  |TAMS 0x0000000707e00000| PB 0x0000000707e00000| Untracked 
|  42|0x0000000708000000, 0x0000000708000000, 0x0000000708200000|  0%| F|  |TAMS 0x0000000708000000| PB 0x0000000708000000| Untracked 
|  43|0x0000000708200000, 0x0000000708200000, 0x0000000708400000|  0%| F|  |TAMS 0x0000000708200000| PB 0x0000000708200000| Untracked 
|  44|0x0000000708400000, 0x0000000708400000, 0x0000000708600000|  0%| F|  |TAMS 0x0000000708400000| PB 0x0000000708400000| Untracked 
|  45|0x0000000708600000, 0x0000000708600000, 0x0000000708800000|  0%| F|  |TAMS 0x0000000708600000| PB 0x0000000708600000| Untracked 
|  46|0x0000000708800000, 0x0000000708800000, 0x0000000708a00000|  0%| F|  |TAMS 0x0000000708800000| PB 0x0000000708800000| Untracked 
|  47|0x0000000708a00000, 0x0000000708a00000, 0x0000000708c00000|  0%| F|  |TAMS 0x0000000708a00000| PB 0x0000000708a00000| Untracked 
|  48|0x0000000708c00000, 0x0000000708c00000, 0x0000000708e00000|  0%| F|  |TAMS 0x0000000708c00000| PB 0x0000000708c00000| Untracked 
|  49|0x0000000708e00000, 0x0000000708e00000, 0x0000000709000000|  0%| F|  |TAMS 0x0000000708e00000| PB 0x0000000708e00000| Untracked 
|  50|0x0000000709000000, 0x0000000709000000, 0x0000000709200000|  0%| F|  |TAMS 0x0000000709000000| PB 0x0000000709000000| Untracked 
|  51|0x0000000709200000, 0x0000000709200000, 0x0000000709400000|  0%| F|  |TAMS 0x0000000709200000| PB 0x0000000709200000| Untracked 
|  52|0x0000000709400000, 0x0000000709400000, 0x0000000709600000|  0%| F|  |TAMS 0x0000000709400000| PB 0x0000000709400000| Untracked 
|  53|0x0000000709600000, 0x0000000709600000, 0x0000000709800000|  0%| F|  |TAMS 0x0000000709600000| PB 0x0000000709600000| Untracked 
|  54|0x0000000709800000, 0x0000000709800000, 0x0000000709a00000|  0%| F|  |TAMS 0x0000000709800000| PB 0x0000000709800000| Untracked 
|  55|0x0000000709a00000, 0x0000000709a00000, 0x0000000709c00000|  0%| F|  |TAMS 0x0000000709a00000| PB 0x0000000709a00000| Untracked 
|  56|0x0000000709c00000, 0x0000000709c00000, 0x0000000709e00000|  0%| F|  |TAMS 0x0000000709c00000| PB 0x0000000709c00000| Untracked 
|  57|0x0000000709e00000, 0x0000000709e00000, 0x000000070a000000|  0%| F|  |TAMS 0x0000000709e00000| PB 0x0000000709e00000| Untracked 
|  58|0x000000070a000000, 0x000000070a000000, 0x000000070a200000|  0%| F|  |TAMS 0x000000070a000000| PB 0x000000070a000000| Untracked 
|  59|0x000000070a200000, 0x000000070a200000, 0x000000070a400000|  0%| F|  |TAMS 0x000000070a200000| PB 0x000000070a200000| Untracked 
|  60|0x000000070a400000, 0x000000070a400000, 0x000000070a600000|  0%| F|  |TAMS 0x000000070a400000| PB 0x000000070a400000| Untracked 
|  61|0x000000070a600000, 0x000000070a600000, 0x000000070a800000|  0%| F|  |TAMS 0x000000070a600000| PB 0x000000070a600000| Untracked 
|  62|0x000000070a800000, 0x000000070a800000, 0x000000070aa00000|  0%| F|  |TAMS 0x000000070a800000| PB 0x000000070a800000| Untracked 
|  63|0x000000070aa00000, 0x000000070aa00000, 0x000000070ac00000|  0%| F|  |TAMS 0x000000070aa00000| PB 0x000000070aa00000| Untracked 
|  64|0x000000070ac00000, 0x000000070ac00000, 0x000000070ae00000|  0%| F|  |TAMS 0x000000070ac00000| PB 0x000000070ac00000| Untracked 
|  65|0x000000070ae00000, 0x000000070ae00000, 0x000000070b000000|  0%| F|  |TAMS 0x000000070ae00000| PB 0x000000070ae00000| Untracked 
|  66|0x000000070b000000, 0x000000070b000000, 0x000000070b200000|  0%| F|  |TAMS 0x000000070b000000| PB 0x000000070b000000| Untracked 
|  67|0x000000070b200000, 0x000000070b200000, 0x000000070b400000|  0%| F|  |TAMS 0x000000070b200000| PB 0x000000070b200000| Untracked 
|  68|0x000000070b400000, 0x000000070b400000, 0x000000070b600000|  0%| F|  |TAMS 0x000000070b400000| PB 0x000000070b400000| Untracked 
|  69|0x000000070b600000, 0x000000070b600000, 0x000000070b800000|  0%| F|  |TAMS 0x000000070b600000| PB 0x000000070b600000| Untracked 
|  70|0x000000070b800000, 0x000000070b800000, 0x000000070ba00000|  0%| F|  |TAMS 0x000000070b800000| PB 0x000000070b800000| Untracked 
|  71|0x000000070ba00000, 0x000000070ba00000, 0x000000070bc00000|  0%| F|  |TAMS 0x000000070ba00000| PB 0x000000070ba00000| Untracked 
|  72|0x000000070bc00000, 0x000000070bc00000, 0x000000070be00000|  0%| F|  |TAMS 0x000000070bc00000| PB 0x000000070bc00000| Untracked 
|  73|0x000000070be00000, 0x000000070be00000, 0x000000070c000000|  0%| F|  |TAMS 0x000000070be00000| PB 0x000000070be00000| Untracked 
|  74|0x000000070c000000, 0x000000070c000000, 0x000000070c200000|  0%| F|  |TAMS 0x000000070c000000| PB 0x000000070c000000| Untracked 
|  75|0x000000070c200000, 0x000000070c200000, 0x000000070c400000|  0%| F|  |TAMS 0x000000070c200000| PB 0x000000070c200000| Untracked 
|  76|0x000000070c400000, 0x000000070c400000, 0x000000070c600000|  0%| F|  |TAMS 0x000000070c400000| PB 0x000000070c400000| Untracked 
|  77|0x000000070c600000, 0x000000070c600000, 0x000000070c800000|  0%| F|  |TAMS 0x000000070c600000| PB 0x000000070c600000| Untracked 
|  78|0x000000070c800000, 0x000000070c800000, 0x000000070ca00000|  0%| F|  |TAMS 0x000000070c800000| PB 0x000000070c800000| Untracked 
|  79|0x000000070ca00000, 0x000000070ca00000, 0x000000070cc00000|  0%| F|  |TAMS 0x000000070ca00000| PB 0x000000070ca00000| Untracked 
|  80|0x000000070cc00000, 0x000000070cc00000, 0x000000070ce00000|  0%| F|  |TAMS 0x000000070cc00000| PB 0x000000070cc00000| Untracked 
|  81|0x000000070ce00000, 0x000000070ce00000, 0x000000070d000000|  0%| F|  |TAMS 0x000000070ce00000| PB 0x000000070ce00000| Untracked 
|  82|0x000000070d000000, 0x000000070d000000, 0x000000070d200000|  0%| F|  |TAMS 0x000000070d000000| PB 0x000000070d000000| Untracked 
|  83|0x000000070d200000, 0x000000070d200000, 0x000000070d400000|  0%| F|  |TAMS 0x000000070d200000| PB 0x000000070d200000| Untracked 
|  84|0x000000070d400000, 0x000000070d400000, 0x000000070d600000|  0%| F|  |TAMS 0x000000070d400000| PB 0x000000070d400000| Untracked 
|  85|0x000000070d600000, 0x000000070d600000, 0x000000070d800000|  0%| F|  |TAMS 0x000000070d600000| PB 0x000000070d600000| Untracked 
|  86|0x000000070d800000, 0x000000070d800000, 0x000000070da00000|  0%| F|  |TAMS 0x000000070d800000| PB 0x000000070d800000| Untracked 
|  87|0x000000070da00000, 0x000000070da00000, 0x000000070dc00000|  0%| F|  |TAMS 0x000000070da00000| PB 0x000000070da00000| Untracked 
|  88|0x000000070dc00000, 0x000000070dc00000, 0x000000070de00000|  0%| F|  |TAMS 0x000000070dc00000| PB 0x000000070dc00000| Untracked 
|  89|0x000000070de00000, 0x000000070de00000, 0x000000070e000000|  0%| F|  |TAMS 0x000000070de00000| PB 0x000000070de00000| Untracked 
|  90|0x000000070e000000, 0x000000070e000000, 0x000000070e200000|  0%| F|  |TAMS 0x000000070e000000| PB 0x000000070e000000| Untracked 
|  91|0x000000070e200000, 0x000000070e200000, 0x000000070e400000|  0%| F|  |TAMS 0x000000070e200000| PB 0x000000070e200000| Untracked 
|  92|0x000000070e400000, 0x000000070e400000, 0x000000070e600000|  0%| F|  |TAMS 0x000000070e400000| PB 0x000000070e400000| Untracked 
|  93|0x000000070e600000, 0x000000070e600000, 0x000000070e800000|  0%| F|  |TAMS 0x000000070e600000| PB 0x000000070e600000| Untracked 
|  94|0x000000070e800000, 0x000000070e800000, 0x000000070ea00000|  0%| F|  |TAMS 0x000000070e800000| PB 0x000000070e800000| Untracked 
|  95|0x000000070ea00000, 0x000000070ea00000, 0x000000070ec00000|  0%| F|  |TAMS 0x000000070ea00000| PB 0x000000070ea00000| Untracked 
|  96|0x000000070ec00000, 0x000000070ec00000, 0x000000070ee00000|  0%| F|  |TAMS 0x000000070ec00000| PB 0x000000070ec00000| Untracked 
|  97|0x000000070ee00000, 0x000000070ee00000, 0x000000070f000000|  0%| F|  |TAMS 0x000000070ee00000| PB 0x000000070ee00000| Untracked 
|  98|0x000000070f000000, 0x000000070f000000, 0x000000070f200000|  0%| F|  |TAMS 0x000000070f000000| PB 0x000000070f000000| Untracked 
|  99|0x000000070f200000, 0x000000070f200000, 0x000000070f400000|  0%| F|  |TAMS 0x000000070f200000| PB 0x000000070f200000| Untracked 
| 100|0x000000070f400000, 0x000000070f400000, 0x000000070f600000|  0%| F|  |TAMS 0x000000070f400000| PB 0x000000070f400000| Untracked 
| 101|0x000000070f600000, 0x000000070f600000, 0x000000070f800000|  0%| F|  |TAMS 0x000000070f600000| PB 0x000000070f600000| Untracked 
| 102|0x000000070f800000, 0x000000070f800000, 0x000000070fa00000|  0%| F|  |TAMS 0x000000070f800000| PB 0x000000070f800000| Untracked 
| 103|0x000000070fa00000, 0x000000070fa00000, 0x000000070fc00000|  0%| F|  |TAMS 0x000000070fa00000| PB 0x000000070fa00000| Untracked 
| 104|0x000000070fc00000, 0x000000070fc00000, 0x000000070fe00000|  0%| F|  |TAMS 0x000000070fc00000| PB 0x000000070fc00000| Untracked 
| 105|0x000000070fe00000, 0x000000070fe00000, 0x0000000710000000|  0%| F|  |TAMS 0x000000070fe00000| PB 0x000000070fe00000| Untracked 
| 106|0x0000000710000000, 0x0000000710000000, 0x0000000710200000|  0%| F|  |TAMS 0x0000000710000000| PB 0x0000000710000000| Untracked 
| 107|0x0000000710200000, 0x0000000710200000, 0x0000000710400000|  0%| F|  |TAMS 0x0000000710200000| PB 0x0000000710200000| Untracked 
| 108|0x0000000710400000, 0x0000000710400000, 0x0000000710600000|  0%| F|  |TAMS 0x0000000710400000| PB 0x0000000710400000| Untracked 
| 109|0x0000000710600000, 0x0000000710600000, 0x0000000710800000|  0%| F|  |TAMS 0x0000000710600000| PB 0x0000000710600000| Untracked 
| 110|0x0000000710800000, 0x0000000710800000, 0x0000000710a00000|  0%| F|  |TAMS 0x0000000710800000| PB 0x0000000710800000| Untracked 
| 111|0x0000000710a00000, 0x0000000710a00000, 0x0000000710c00000|  0%| F|  |TAMS 0x0000000710a00000| PB 0x0000000710a00000| Untracked 
| 112|0x0000000710c00000, 0x0000000710c00000, 0x0000000710e00000|  0%| F|  |TAMS 0x0000000710c00000| PB 0x0000000710c00000| Untracked 
| 113|0x0000000710e00000, 0x0000000710e00000, 0x0000000711000000|  0%| F|  |TAMS 0x0000000710e00000| PB 0x0000000710e00000| Untracked 
| 114|0x0000000711000000, 0x0000000711200000, 0x0000000711200000|100%| S|CS|TAMS 0x0000000711000000| PB 0x0000000711000000| Complete 
| 115|0x0000000711200000, 0x0000000711400000, 0x0000000711400000|100%| S|CS|TAMS 0x0000000711200000| PB 0x0000000711200000| Complete 
| 116|0x0000000711400000, 0x0000000711400000, 0x0000000711600000|  0%| F|  |TAMS 0x0000000711400000| PB 0x0000000711400000| Untracked 
| 117|0x0000000711600000, 0x0000000711600000, 0x0000000711800000|  0%| F|  |TAMS 0x0000000711600000| PB 0x0000000711600000| Untracked 
| 118|0x0000000711800000, 0x0000000711800000, 0x0000000711a00000|  0%| F|  |TAMS 0x0000000711800000| PB 0x0000000711800000| Untracked 
| 119|0x0000000711a00000, 0x0000000711a00000, 0x0000000711c00000|  0%| F|  |TAMS 0x0000000711a00000| PB 0x0000000711a00000| Untracked 
| 120|0x0000000711c00000, 0x0000000711c00000, 0x0000000711e00000|  0%| F|  |TAMS 0x0000000711c00000| PB 0x0000000711c00000| Untracked 
| 121|0x0000000711e00000, 0x0000000711e00000, 0x0000000712000000|  0%| F|  |TAMS 0x0000000711e00000| PB 0x0000000711e00000| Untracked 
| 122|0x0000000712000000, 0x0000000712000000, 0x0000000712200000|  0%| F|  |TAMS 0x0000000712000000| PB 0x0000000712000000| Untracked 
| 123|0x0000000712200000, 0x0000000712200000, 0x0000000712400000|  0%| F|  |TAMS 0x0000000712200000| PB 0x0000000712200000| Untracked 
| 124|0x0000000712400000, 0x00000007124dc7e0, 0x0000000712600000| 43%| E|  |TAMS 0x0000000712400000| PB 0x0000000712400000| Complete 
| 125|0x0000000712600000, 0x0000000712800000, 0x0000000712800000|100%| E|CS|TAMS 0x0000000712600000| PB 0x0000000712600000| Complete 
| 126|0x0000000712800000, 0x0000000712a00000, 0x0000000712a00000|100%| E|CS|TAMS 0x0000000712800000| PB 0x0000000712800000| Complete 

Card table byte_map: [0x0000026b79060000,0x0000026b79850000] _byte_map_base: 0x0000026b7584a000

Marking Bits: (CMBitMap*) 0x0000026b60f1b760
 Bits: [0x0000026b79850000, 0x0000026b7d7a0000)

Polling page: 0x0000026b60670000

Metaspace:

Usage:
  Non-class:      4.34 MB used.
      Class:    475.85 KB used.
       Both:      4.80 MB used.

Virtual space:
  Non-class space:       64.00 MB reserved,       4.44 MB (  7%) committed,  1 nodes.
      Class space:        1.00 GB reserved,     576.00 KB ( <1%) committed,  1 nodes.
             Both:        1.06 GB reserved,       5.00 MB ( <1%) committed. 

Chunk freelists:
   Non-Class:  10.41 MB
       Class:  15.45 MB
        Both:  25.86 MB

MaxMetaspaceSize: unlimited
CompressedClassSpaceSize: 1.00 GB
Initial GC threshold: 21.00 MB
Current GC threshold: 21.00 MB
CDS: on
 - commit_granule_bytes: 65536.
 - commit_granule_words: 8192.
 - virtual_space_node_default_size: 8388608.
 - enlarge_chunks_in_place: 1.
 - use_allocation_guard: 0.


Internal statistics:

num_allocs_failed_limit: 0.
num_arena_births: 120.
num_arena_deaths: 0.
num_vsnodes_births: 2.
num_vsnodes_deaths: 0.
num_space_committed: 80.
num_space_uncommitted: 0.
num_chunks_returned_to_freelist: 0.
num_chunks_taken_from_freelist: 209.
num_chunk_merges: 0.
num_chunk_splits: 141.
num_chunks_enlarged: 92.
num_inconsistent_stats: 0.

CodeHeap 'non-profiled nmethods': size=120000Kb used=436Kb max_used=436Kb free=119563Kb
 bounds [0x0000026b70df0000, 0x0000026b71060000, 0x0000026b78320000]
CodeHeap 'profiled nmethods': size=120000Kb used=1746Kb max_used=1746Kb free=118253Kb
 bounds [0x0000026b69320000, 0x0000026b69590000, 0x0000026b70850000]
CodeHeap 'non-nmethods': size=5760Kb used=1459Kb max_used=1479Kb free=4300Kb
 bounds [0x0000026b70850000, 0x0000026b70ac0000, 0x0000026b70df0000]
 total_blobs=1542 nmethods=1050 adapters=397
 compilation: enabled
              stopped_count=0, restarted_count=0
 full_count=0

Compilation events (20 events):
Event: 0.609 Thread 0x0000026b0050f5a0 nmethod 1037 0x0000026b694d0990 code [0x0000026b694d0be0, 0x0000026b694d13c0]
Event: 0.609 Thread 0x0000026b0050f5a0 1038       3       java.lang.invoke.DirectMethodHandle::preparedLambdaForm (244 bytes)
Event: 0.610 Thread 0x0000026b0050f5a0 nmethod 1038 0x0000026b694d1690 code [0x0000026b694d1980, 0x0000026b694d2978]
Event: 0.610 Thread 0x0000026b0050f5a0 1040       3       java.lang.invoke.DirectMethodHandle::preparedLambdaForm (6 bytes)
Event: 0.611 Thread 0x0000026b0050f5a0 nmethod 1040 0x0000026b694d3010 code [0x0000026b694d31c0, 0x0000026b694d32e8]
Event: 0.611 Thread 0x0000026b0050f5a0 1043       3       jdk.internal.org.objectweb.asm.MethodWriter::visitInsn (115 bytes)
Event: 0.611 Thread 0x0000026b0050f5a0 nmethod 1043 0x0000026b694d3390 code [0x0000026b694d3580, 0x0000026b694d39a8]
Event: 0.611 Thread 0x0000026b0050f5a0 1044       3       java.lang.invoke.MethodHandle::isBuiltinLoader (24 bytes)
Event: 0.611 Thread 0x0000026b0050f5a0 nmethod 1044 0x0000026b694d3b10 code [0x0000026b694d3cc0, 0x0000026b694d3f38]
Event: 0.611 Thread 0x0000026b0050eb00 1047       4       java.lang.invoke.MemberName::getReferenceKind (12 bytes)
Event: 0.611 Thread 0x0000026b0050f5a0 1048       3       jdk.internal.org.objectweb.asm.Type::<init> (26 bytes)
Event: 0.612 Thread 0x0000026b0050f5a0 nmethod 1048 0x0000026b694d4010 code [0x0000026b694d41a0, 0x0000026b694d4370]
Event: 0.612 Thread 0x0000026b0050eb00 nmethod 1047 0x0000026b70e59d90 code [0x0000026b70e59f00, 0x0000026b70e59f90]
Event: 0.612 Thread 0x0000026b0050f5a0 1050       3       java.lang.ref.Reference::<init> (7 bytes)
Event: 0.612 Thread 0x0000026b0050f5a0 nmethod 1050 0x0000026b694d4410 code [0x0000026b694d45c0, 0x0000026b694d4880]
Event: 0.613 Thread 0x0000026b0050eb00 1051       4       java.lang.AbstractStringBuilder::append (45 bytes)
Event: 0.613 Thread 0x0000026b0078a960 1052       4       org.eclipse.jdt.launching.internal.org.objectweb.asm.SymbolTable$Entry::<init> (20 bytes)
Event: 0.616 Thread 0x0000026b0078a960 nmethod 1052 0x0000026b70e5a390 code [0x0000026b70e5a520, 0x0000026b70e5a8a8]
Event: 0.620 Thread 0x0000026b0050eb00 nmethod 1051 0x0000026b70e5a990 code [0x0000026b70e5ab60, 0x0000026b70e5b360]
Event: 0.621 Thread 0x0000026b008a2e00 nmethod 1030 0x0000026b70e5b790 code [0x0000026b70e5b9e0, 0x0000026b70e5ca00]

GC Heap History (2 events):
Event: 0.522 GC heap before
{Heap before GC invocations=0 (full 0):
 garbage-first heap   total 260096K, used 22528K [0x0000000702c00000, 0x0000000800000000)
  region size 2048K, 11 young (22528K), 0 survivors (0K)
 Metaspace       used 4329K, committed 4480K, reserved 1114112K
  class space    used 411K, committed 512K, reserved 1048576K
}
Event: 0.525 GC heap after
{Heap after GC invocations=1 (full 0):
 garbage-first heap   total 260096K, used 4096K [0x0000000702c00000, 0x0000000800000000)
  region size 2048K, 2 young (4096K), 2 survivors (4096K)
 Metaspace       used 4329K, committed 4480K, reserved 1114112K
  class space    used 411K, committed 512K, reserved 1048576K
}

Dll operation events (20 events):
Event: 0.476 Loaded shared library D:\Hoc_voi_cha_hanh\javafx-sdk-23\bin\api-ms-win-crt-filesystem-l1-1-0.dll
Event: 0.476 Loaded shared library D:\Hoc_voi_cha_hanh\javafx-sdk-23\bin\api-ms-win-crt-heap-l1-1-0.dll
Event: 0.477 Loaded shared library D:\Hoc_voi_cha_hanh\javafx-sdk-23\bin\api-ms-win-crt-locale-l1-1-0.dll
Event: 0.478 Loaded shared library D:\Hoc_voi_cha_hanh\javafx-sdk-23\bin\api-ms-win-crt-math-l1-1-0.dll
Event: 0.478 Loaded shared library D:\Hoc_voi_cha_hanh\javafx-sdk-23\bin\api-ms-win-crt-multibyte-l1-1-0.dll
Event: 0.479 Loaded shared library D:\Hoc_voi_cha_hanh\javafx-sdk-23\bin\api-ms-win-crt-private-l1-1-0.dll
Event: 0.480 Loaded shared library D:\Hoc_voi_cha_hanh\javafx-sdk-23\bin\api-ms-win-crt-process-l1-1-0.dll
Event: 0.481 Loaded shared library D:\Hoc_voi_cha_hanh\javafx-sdk-23\bin\api-ms-win-crt-runtime-l1-1-0.dll
Event: 0.481 Loaded shared library D:\Hoc_voi_cha_hanh\javafx-sdk-23\bin\api-ms-win-crt-stdio-l1-1-0.dll
Event: 0.482 Loaded shared library D:\Hoc_voi_cha_hanh\javafx-sdk-23\bin\api-ms-win-crt-string-l1-1-0.dll
Event: 0.483 Loaded shared library D:\Hoc_voi_cha_hanh\javafx-sdk-23\bin\api-ms-win-crt-time-l1-1-0.dll
Event: 0.484 Loaded shared library D:\Hoc_voi_cha_hanh\javafx-sdk-23\bin\api-ms-win-crt-utility-l1-1-0.dll
Event: 0.484 Loaded shared library D:\Hoc_voi_cha_hanh\javafx-sdk-23\bin\ucrtbase.dll
Event: 0.485 Loaded shared library D:\Hoc_voi_cha_hanh\javafx-sdk-23\bin\vcruntime140.dll
Event: 0.486 Loaded shared library D:\Hoc_voi_cha_hanh\javafx-sdk-23\bin\vcruntime140_1.dll
Event: 0.487 Loaded shared library D:\Hoc_voi_cha_hanh\javafx-sdk-23\bin\msvcp140.dll
Event: 0.487 Loaded shared library D:\Hoc_voi_cha_hanh\javafx-sdk-23\bin\msvcp140_1.dll
Event: 0.488 Loaded shared library D:\Hoc_voi_cha_hanh\javafx-sdk-23\bin\msvcp140_2.dll
Event: 0.536 Loaded shared library D:\Hoc_voi_cha_hanh\javafx-sdk-23\bin\prism_d3d.dll
Event: 0.604 Loaded shared library D:\Hoc_voi_cha_hanh\javafx-sdk-23\bin\glass.dll

Deoptimization events (20 events):
Event: 0.516 Thread 0x0000026b60eb45b0 Uncommon trap: trap_request=0xffffff45 fr.pc=0x0000026b70dfd16c relative=0x00000000000002ac
Event: 0.516 Thread 0x0000026b60eb45b0 Uncommon trap: reason=unstable_if action=reinterpret pc=0x0000026b70dfd16c method=java.lang.String.isLatin1()Z @ 10 c2
Event: 0.516 Thread 0x0000026b60eb45b0 DEOPT PACKING pc=0x0000026b70dfd16c sp=0x0000009a9e7f9020
Event: 0.516 Thread 0x0000026b60eb45b0 DEOPT UNPACKING pc=0x0000026b708a46a2 sp=0x0000009a9e7f8f50 mode 2
Event: 0.573 Thread 0x0000026b60eb45b0 Uncommon trap: trap_request=0xffffffc6 fr.pc=0x0000026b70e2a10c relative=0x000000000000110c
Event: 0.573 Thread 0x0000026b60eb45b0 Uncommon trap: reason=bimorphic_or_optimized_type_check action=maybe_recompile pc=0x0000026b70e2a10c method=java.util.HashMap.putVal(ILjava/lang/Object;Ljava/lang/Object;ZZ)Ljava/lang/Object; @ 56 c2
Event: 0.573 Thread 0x0000026b60eb45b0 DEOPT PACKING pc=0x0000026b70e2a10c sp=0x0000009a9e7fd820
Event: 0.573 Thread 0x0000026b60eb45b0 DEOPT UNPACKING pc=0x0000026b708a46a2 sp=0x0000009a9e7fd7d8 mode 2
Event: 0.573 Thread 0x0000026b60eb45b0 Uncommon trap: trap_request=0xffffffc6 fr.pc=0x0000026b70e2a10c relative=0x000000000000110c
Event: 0.573 Thread 0x0000026b60eb45b0 Uncommon trap: reason=bimorphic_or_optimized_type_check action=maybe_recompile pc=0x0000026b70e2a10c method=java.util.HashMap.putVal(ILjava/lang/Object;Ljava/lang/Object;ZZ)Ljava/lang/Object; @ 56 c2
Event: 0.573 Thread 0x0000026b60eb45b0 DEOPT PACKING pc=0x0000026b70e2a10c sp=0x0000009a9e7fd820
Event: 0.573 Thread 0x0000026b60eb45b0 DEOPT UNPACKING pc=0x0000026b708a46a2 sp=0x0000009a9e7fd7d8 mode 2
Event: 0.573 Thread 0x0000026b60eb45b0 Uncommon trap: trap_request=0xffffffc6 fr.pc=0x0000026b70e2a10c relative=0x000000000000110c
Event: 0.573 Thread 0x0000026b60eb45b0 Uncommon trap: reason=bimorphic_or_optimized_type_check action=maybe_recompile pc=0x0000026b70e2a10c method=java.util.HashMap.putVal(ILjava/lang/Object;Ljava/lang/Object;ZZ)Ljava/lang/Object; @ 56 c2
Event: 0.573 Thread 0x0000026b60eb45b0 DEOPT PACKING pc=0x0000026b70e2a10c sp=0x0000009a9e7fd820
Event: 0.573 Thread 0x0000026b60eb45b0 DEOPT UNPACKING pc=0x0000026b708a46a2 sp=0x0000009a9e7fd7d8 mode 2
Event: 0.573 Thread 0x0000026b60eb45b0 Uncommon trap: trap_request=0xffffffc6 fr.pc=0x0000026b70e2a10c relative=0x000000000000110c
Event: 0.573 Thread 0x0000026b60eb45b0 Uncommon trap: reason=bimorphic_or_optimized_type_check action=maybe_recompile pc=0x0000026b70e2a10c method=java.util.HashMap.putVal(ILjava/lang/Object;Ljava/lang/Object;ZZ)Ljava/lang/Object; @ 56 c2
Event: 0.573 Thread 0x0000026b60eb45b0 DEOPT PACKING pc=0x0000026b70e2a10c sp=0x0000009a9e7fd820
Event: 0.573 Thread 0x0000026b60eb45b0 DEOPT UNPACKING pc=0x0000026b708a46a2 sp=0x0000009a9e7fd7d8 mode 2

Classes loaded (20 events):
Event: 0.573 Loading class java/lang/ProcessEnvironment$EntryComparator
Event: 0.573 Loading class java/lang/ProcessEnvironment$EntryComparator done
Event: 0.573 Loading class java/lang/ProcessEnvironment$CheckedEntrySet
Event: 0.573 Loading class java/lang/ProcessEnvironment$CheckedEntrySet done
Event: 0.573 Loading class java/lang/ProcessEnvironment$CheckedEntrySet$1
Event: 0.573 Loading class java/lang/ProcessEnvironment$CheckedEntrySet$1 done
Event: 0.573 Loading class java/lang/ProcessEnvironment$CheckedEntry
Event: 0.573 Loading class java/lang/ProcessEnvironment$CheckedEntry done
Event: 0.604 Loading class java/lang/Throwable$WrappedPrintStream
Event: 0.604 Loading class java/lang/Throwable$PrintStreamOrWriter
Event: 0.604 Loading class java/lang/Throwable$PrintStreamOrWriter done
Event: 0.604 Loading class java/lang/Throwable$WrappedPrintStream done
Event: 0.606 Loading class java/lang/StackTraceElement$HashedModules
Event: 0.606 Loading class java/lang/StackTraceElement$HashedModules done
Event: 0.608 Loading class java/util/concurrent/BlockingDeque
Event: 0.608 Loading class java/util/concurrent/BlockingDeque done
Event: 0.608 Loading class java/util/concurrent/LinkedBlockingDeque
Event: 0.608 Loading class java/util/concurrent/LinkedBlockingDeque done
Event: 0.614 Loading class java/lang/NumberFormatException
Event: 0.614 Loading class java/lang/NumberFormatException done

Classes unloaded (0 events):
No events

Classes redefined (0 events):
No events

Internal exceptions (12 events):
Event: 0.299 Thread 0x0000026b60eb45b0 Exception <a 'java/lang/NoSuchMethodError'{0x0000000711e48648}: 'void java.lang.invoke.DirectMethodHandle$Holder.invokeVirtual(java.lang.Object, java.lang.Object)'> (0x0000000711e48648) 
thrown [s\open\src\hotspot\share\interpreter\linkResolver.cpp, line 773]
Event: 0.357 Thread 0x0000026b60eb45b0 Exception <a 'java/lang/NoSuchMethodError'{0x0000000711f9ef80}: 'void java.lang.invoke.DirectMethodHandle$Holder.invokeStatic(java.lang.Object, java.lang.Object, java.lang.Object)'> (0x0000000711f9ef80) 
thrown [s\open\src\hotspot\share\interpreter\linkResolver.cpp, line 773]
Event: 0.359 Thread 0x0000026b60eb45b0 Exception <a 'java/lang/NoSuchMethodError'{0x0000000711fb1608}: 'java.lang.Object java.lang.invoke.Invokers$Holder.invokeExact_MT(java.lang.Object, java.lang.Object, java.lang.Object, java.lang.Object, java.lang.Object)'> (0x0000000711fb1608) 
thrown [s\open\src\hotspot\share\interpreter\linkResolver.cpp, line 773]
Event: 0.408 Thread 0x0000026b60eb45b0 Exception <a 'java/lang/NoSuchMethodError'{0x0000000711d96a48}: 'void java.lang.invoke.DirectMethodHandle$Holder.invokeStatic(java.lang.Object, java.lang.Object, java.lang.Object, java.lang.Object)'> (0x0000000711d96a48) 
thrown [s\open\src\hotspot\share\interpreter\linkResolver.cpp, line 773]
Event: 0.409 Thread 0x0000026b60eb45b0 Exception <a 'java/lang/NoSuchMethodError'{0x0000000711d9a4d0}: 'void java.lang.invoke.DirectMethodHandle$Holder.invokeSpecial(java.lang.Object, java.lang.Object, java.lang.Object, java.lang.Object, java.lang.Object)'> (0x0000000711d9a4d0) 
thrown [s\open\src\hotspot\share\interpreter\linkResolver.cpp, line 773]
Event: 0.411 Thread 0x0000026b60eb45b0 Exception <a 'java/lang/NoSuchMethodError'{0x0000000711dad3e0}: 'java.lang.Object java.lang.invoke.Invokers$Holder.invokeExact_MT(java.lang.Object, java.lang.Object, java.lang.Object, java.lang.Object, java.lang.Object, java.lang.Object)'> (0x0000000711dad3e0) 
thrown [s\open\src\hotspot\share\interpreter\linkResolver.cpp, line 773]
Event: 0.412 Thread 0x0000026b60eb45b0 Exception <a 'java/lang/NoSuchMethodError'{0x0000000711db2258}: 'void java.lang.invoke.DirectMethodHandle$Holder.invokeStatic(java.lang.Object, java.lang.Object)'> (0x0000000711db2258) 
thrown [s\open\src\hotspot\share\interpreter\linkResolver.cpp, line 773]
Event: 0.517 Thread 0x0000026b60eb45b0 Exception <a 'java/lang/NoSuchMethodError'{0x00000007115b06f0}: 'void java.lang.invoke.DirectMethodHandle$Holder.invokeSpecial(java.lang.Object, java.lang.Object, java.lang.Object)'> (0x00000007115b06f0) 
thrown [s\open\src\hotspot\share\interpreter\linkResolver.cpp, line 773]
Event: 0.563 Thread 0x0000026b60eb45b0 Exception <a 'java/lang/NoSuchMethodError'{0x00000007129e8c70}: 'int java.lang.invoke.DirectMethodHandle$Holder.invokeStaticInit(java.lang.Object, java.lang.Object, java.lang.Object)'> (0x00000007129e8c70) 
thrown [s\open\src\hotspot\share\interpreter\linkResolver.cpp, line 773]
Event: 0.604 Thread 0x0000026b60eb45b0 Exception <a 'java/lang/NoSuchMethodError'{0x00000007127ddbd8}: notifyPreferencesChanged> (0x00000007127ddbd8) 
thrown [s\open\src\hotspot\share\prims\jni.cpp, line 1077]
Event: 0.610 Thread 0x0000026b60eb45b0 Exception <a 'java/lang/NoSuchMethodError'{0x000000071242d8c0}: 'java.lang.Object java.lang.invoke.DirectMethodHandle$Holder.newInvokeSpecial(java.lang.Object, java.lang.Object, int, java.lang.Object)'> (0x000000071242d8c0) 
thrown [s\open\src\hotspot\share\interpreter\linkResolver.cpp, line 773]
Event: 0.611 Thread 0x0000026b60eb45b0 Exception <a 'java/lang/NoSuchMethodError'{0x0000000712431a18}: 'java.lang.Object java.lang.invoke.DirectMethodHandle$Holder.invokeSpecial(java.lang.Object, java.lang.Object, java.lang.Object, int, java.lang.Object)'> (0x0000000712431a18) 
thrown [s\open\src\hotspot\share\interpreter\linkResolver.cpp, line 773]

ZGC Phase Switch (0 events):
No events

VM Operations (8 events):
Event: 0.148 Executing VM operation: HandshakeAllThreads (Deoptimize)
Event: 0.148 Executing VM operation: HandshakeAllThreads (Deoptimize) done
Event: 0.195 Executing VM operation: ChangeBreakpoints
Event: 0.195 Executing VM operation: ChangeBreakpoints done
Event: 0.522 Executing VM operation: G1CollectForAllocation (G1 Evacuation Pause)
Event: 0.525 Executing VM operation: G1CollectForAllocation (G1 Evacuation Pause) done
Event: 0.572 Executing VM operation: HandshakeAllThreads (Deoptimize)
Event: 0.572 Executing VM operation: HandshakeAllThreads (Deoptimize) done

Events (19 events):
Event: 0.028 Thread 0x0000026b60eb45b0 Thread added: 0x0000026b60eb45b0
Event: 0.045 Thread 0x0000026b004f85b0 Thread added: 0x0000026b004f85b0
Event: 0.045 Thread 0x0000026b004fa4e0 Thread added: 0x0000026b004fa4e0
Event: 0.045 Thread 0x0000026b004fd8b0 Thread added: 0x0000026b004fd8b0
Event: 0.045 Thread 0x0000026b00500b90 Thread added: 0x0000026b00500b90
Event: 0.046 Thread 0x0000026b00509a00 Thread added: 0x0000026b00509a00
Event: 0.046 Thread 0x0000026b0050a460 Thread added: 0x0000026b0050a460
Event: 0.046 Thread 0x0000026b0050eb00 Thread added: 0x0000026b0050eb00
Event: 0.046 Thread 0x0000026b0050f5a0 Thread added: 0x0000026b0050f5a0
Event: 0.074 Thread 0x0000026b0070d110 Thread added: 0x0000026b0070d110
Event: 0.112 Thread 0x0000026b0078a960 Thread added: 0x0000026b0078a960
Event: 0.115 Thread 0x0000026b008a2e00 Thread added: 0x0000026b008a2e00
Event: 0.178 Thread 0x0000026b468994e0 Thread added: 0x0000026b468994e0
Event: 0.178 Thread 0x0000026b4694f480 Thread added: 0x0000026b4694f480
Event: 0.178 Thread 0x0000026b469fb270 Thread added: 0x0000026b469fb270
Event: 0.363 Thread 0x0000026b46010090 Thread added: 0x0000026b46010090
Event: 0.529 Thread 0x0000026b4688e6b0 Thread added: 0x0000026b4688e6b0
Event: 0.608 Thread 0x0000026b469cb390 Thread added: 0x0000026b469cb390
Event: 0.612 Thread 0x0000026b469db1c0 Thread added: 0x0000026b469db1c0


Dynamic libraries:
0x00007ff7f3a60000 - 0x00007ff7f3a70000 	C:\Program Files\Java\jdk-21\bin\javaw.exe
0x00007ffce8d70000 - 0x00007ffce8f87000 	C:\WINDOWS\SYSTEM32\ntdll.dll
0x00007ffce89d0000 - 0x00007ffce8a94000 	C:\WINDOWS\System32\KERNEL32.DLL
0x00007ffce65b0000 - 0x00007ffce6967000 	C:\WINDOWS\System32\KERNELBASE.dll
0x00007ffce6490000 - 0x00007ffce65a1000 	C:\WINDOWS\System32\ucrtbase.dll
0x00007ffcde420000 - 0x00007ffcde43b000 	C:\Program Files\Java\jdk-21\bin\VCRUNTIME140.dll
0x00007ffcdf9c0000 - 0x00007ffcdf9d9000 	C:\Program Files\Java\jdk-21\bin\jli.dll
0x00007ffce83e0000 - 0x00007ffce8492000 	C:\WINDOWS\System32\ADVAPI32.dll
0x00007ffce75e0000 - 0x00007ffce7687000 	C:\WINDOWS\System32\msvcrt.dll
0x00007ffce8b20000 - 0x00007ffce8bc8000 	C:\WINDOWS\System32\sechost.dll
0x00007ffce60b0000 - 0x00007ffce60d8000 	C:\WINDOWS\System32\bcrypt.dll
0x00007ffce7f00000 - 0x00007ffce8014000 	C:\WINDOWS\System32\RPCRT4.dll
0x00007ffce7160000 - 0x00007ffce730f000 	C:\WINDOWS\System32\USER32.dll
0x00007ffce6080000 - 0x00007ffce60a6000 	C:\WINDOWS\System32\win32u.dll
0x00007ffcd0940000 - 0x00007ffcd0bd3000 	C:\WINDOWS\WinSxS\amd64_microsoft.windows.common-controls_6595b64144ccf1df_6.0.22621.3672_none_2713b9d173822955\COMCTL32.dll
0x00007ffce83b0000 - 0x00007ffce83d9000 	C:\WINDOWS\System32\GDI32.dll
0x00007ffce6160000 - 0x00007ffce6278000 	C:\WINDOWS\System32\gdi32full.dll
0x00007ffce6280000 - 0x00007ffce631a000 	C:\WINDOWS\System32\msvcp_win.dll
0x00007ffcded90000 - 0x00007ffcded9a000 	C:\WINDOWS\SYSTEM32\VERSION.dll
0x00007ffce6de0000 - 0x00007ffce6e11000 	C:\WINDOWS\System32\IMM32.DLL
0x00007ffcdb4e0000 - 0x00007ffcdb4ec000 	C:\Program Files\Java\jdk-21\bin\vcruntime140_1.dll
0x00007ffcd4b80000 - 0x00007ffcd4c0e000 	C:\Program Files\Java\jdk-21\bin\msvcp140.dll
0x00007ffc8f820000 - 0x00007ffc90533000 	C:\Program Files\Java\jdk-21\bin\server\jvm.dll
0x00007ffce8aa0000 - 0x00007ffce8b11000 	C:\WINDOWS\System32\WS2_32.dll
0x00007ffce4ef0000 - 0x00007ffce4f3d000 	C:\WINDOWS\SYSTEM32\POWRPROF.dll
0x00007ffcdff60000 - 0x00007ffcdff94000 	C:\WINDOWS\SYSTEM32\WINMM.dll
0x00007ffce4ed0000 - 0x00007ffce4ee3000 	C:\WINDOWS\SYSTEM32\UMPDC.dll
0x00007ffce5120000 - 0x00007ffce5138000 	C:\WINDOWS\SYSTEM32\kernel.appcore.dll
0x00007ffce2db0000 - 0x00007ffce2dba000 	C:\Program Files\Java\jdk-21\bin\jimage.dll
0x00007ffcd3c70000 - 0x00007ffcd3ea2000 	C:\WINDOWS\SYSTEM32\DBGHELP.DLL
0x00007ffce8020000 - 0x00007ffce83ae000 	C:\WINDOWS\System32\combase.dll
0x00007ffce7490000 - 0x00007ffce7567000 	C:\WINDOWS\System32\OLEAUT32.dll
0x00007ffccaa30000 - 0x00007ffccaa62000 	C:\WINDOWS\SYSTEM32\dbgcore.DLL
0x00007ffce60e0000 - 0x00007ffce615b000 	C:\WINDOWS\System32\bcryptPrimitives.dll
0x00007ffcd4440000 - 0x00007ffcd447c000 	C:\Program Files\Java\jdk-21\bin\jdwp.dll
0x00007ffcdb4d0000 - 0x00007ffcdb4df000 	C:\Program Files\Java\jdk-21\bin\instrument.dll
0x00007ffcdb580000 - 0x00007ffcdb59f000 	C:\Program Files\Java\jdk-21\bin\java.dll
0x00007ffce7690000 - 0x00007ffce7ef9000 	C:\WINDOWS\System32\SHELL32.dll
0x00007ffce3fb0000 - 0x00007ffce48af000 	C:\WINDOWS\SYSTEM32\windows.storage.dll
0x00007ffce3e70000 - 0x00007ffce3faf000 	C:\WINDOWS\SYSTEM32\wintypes.dll
0x00007ffce7380000 - 0x00007ffce7479000 	C:\WINDOWS\System32\SHCORE.dll
0x00007ffce7320000 - 0x00007ffce737e000 	C:\WINDOWS\System32\shlwapi.dll
0x00007ffce5fb0000 - 0x00007ffce5fd7000 	C:\WINDOWS\SYSTEM32\profapi.dll
0x00007ffcd51c0000 - 0x00007ffcd5297000 	C:\Program Files\Java\jdk-21\bin\jsvml.dll
0x00007ffcdb570000 - 0x00007ffcdb580000 	C:\Program Files\Java\jdk-21\bin\net.dll
0x00007ffce2380000 - 0x00007ffce24b6000 	C:\WINDOWS\SYSTEM32\WINHTTP.dll
0x00007ffce55e0000 - 0x00007ffce5649000 	C:\WINDOWS\system32\mswsock.dll
0x00007ffcdb550000 - 0x00007ffcdb566000 	C:\Program Files\Java\jdk-21\bin\nio.dll
0x00007ffcdb530000 - 0x00007ffcdb548000 	C:\Program Files\Java\jdk-21\bin\zip.dll
0x00007ffcdb0e0000 - 0x00007ffcdb0ec000 	C:\Program Files\Java\jdk-21\bin\dt_socket.dll
0x00007ffce4b80000 - 0x00007ffce4bad000 	C:\WINDOWS\SYSTEM32\IPHLPAPI.DLL
0x00007ffce4bf0000 - 0x00007ffce4cf2000 	C:\WINDOWS\SYSTEM32\DNSAPI.dll
0x00007ffce7310000 - 0x00007ffce7319000 	C:\WINDOWS\System32\NSI.dll
0x00007ffcde410000 - 0x00007ffcde41a000 	C:\Windows\System32\rasadhlp.dll
0x00007ffce08a0000 - 0x00007ffce0923000 	C:\WINDOWS\System32\fwpuclnt.dll
0x00007ffcdb520000 - 0x00007ffcdb530000 	C:\Program Files\Java\jdk-21\bin\verify.dll
0x0000026b00da0000 - 0x0000026b00da3000 	D:\Hoc_voi_cha_hanh\javafx-sdk-23\bin\api-ms-win-core-console-l1-1-0.dll
0x0000026b00db0000 - 0x0000026b00db3000 	D:\Hoc_voi_cha_hanh\javafx-sdk-23\bin\api-ms-win-core-console-l1-2-0.dll
0x0000026b00dc0000 - 0x0000026b00dc3000 	D:\Hoc_voi_cha_hanh\javafx-sdk-23\bin\api-ms-win-core-datetime-l1-1-0.dll
0x0000026b00dd0000 - 0x0000026b00dd3000 	D:\Hoc_voi_cha_hanh\javafx-sdk-23\bin\api-ms-win-core-debug-l1-1-0.dll
0x0000026b00de0000 - 0x0000026b00de3000 	D:\Hoc_voi_cha_hanh\javafx-sdk-23\bin\api-ms-win-core-errorhandling-l1-1-0.dll
0x0000026b00df0000 - 0x0000026b00df4000 	D:\Hoc_voi_cha_hanh\javafx-sdk-23\bin\api-ms-win-core-file-l1-1-0.dll
0x0000026b00e00000 - 0x0000026b00e03000 	D:\Hoc_voi_cha_hanh\javafx-sdk-23\bin\api-ms-win-core-file-l1-2-0.dll
0x0000026b00e10000 - 0x0000026b00e13000 	D:\Hoc_voi_cha_hanh\javafx-sdk-23\bin\api-ms-win-core-file-l2-1-0.dll
0x0000026b00e20000 - 0x0000026b00e23000 	D:\Hoc_voi_cha_hanh\javafx-sdk-23\bin\api-ms-win-core-handle-l1-1-0.dll
0x0000026b00e30000 - 0x0000026b00e33000 	D:\Hoc_voi_cha_hanh\javafx-sdk-23\bin\api-ms-win-core-heap-l1-1-0.dll
0x0000026b00e40000 - 0x0000026b00e43000 	D:\Hoc_voi_cha_hanh\javafx-sdk-23\bin\api-ms-win-core-interlocked-l1-1-0.dll
0x0000026b00e50000 - 0x0000026b00e53000 	D:\Hoc_voi_cha_hanh\javafx-sdk-23\bin\api-ms-win-core-libraryloader-l1-1-0.dll
0x0000026b00e60000 - 0x0000026b00e63000 	D:\Hoc_voi_cha_hanh\javafx-sdk-23\bin\api-ms-win-core-localization-l1-2-0.dll
0x0000026b00e70000 - 0x0000026b00e73000 	D:\Hoc_voi_cha_hanh\javafx-sdk-23\bin\api-ms-win-core-memory-l1-1-0.dll
0x0000026b00e80000 - 0x0000026b00e83000 	D:\Hoc_voi_cha_hanh\javafx-sdk-23\bin\api-ms-win-core-namedpipe-l1-1-0.dll
0x0000026b00e90000 - 0x0000026b00e93000 	D:\Hoc_voi_cha_hanh\javafx-sdk-23\bin\api-ms-win-core-processenvironment-l1-1-0.dll
0x0000026b00ea0000 - 0x0000026b00ea3000 	D:\Hoc_voi_cha_hanh\javafx-sdk-23\bin\api-ms-win-core-processthreads-l1-1-0.dll
0x0000026b00eb0000 - 0x0000026b00eb3000 	D:\Hoc_voi_cha_hanh\javafx-sdk-23\bin\api-ms-win-core-processthreads-l1-1-1.dll
0x0000026b00ec0000 - 0x0000026b00ec3000 	D:\Hoc_voi_cha_hanh\javafx-sdk-23\bin\api-ms-win-core-profile-l1-1-0.dll
0x0000026b00ed0000 - 0x0000026b00ed3000 	D:\Hoc_voi_cha_hanh\javafx-sdk-23\bin\api-ms-win-core-rtlsupport-l1-1-0.dll
0x0000026b00ee0000 - 0x0000026b00ee3000 	D:\Hoc_voi_cha_hanh\javafx-sdk-23\bin\api-ms-win-core-string-l1-1-0.dll
0x0000026b00ef0000 - 0x0000026b00ef3000 	D:\Hoc_voi_cha_hanh\javafx-sdk-23\bin\api-ms-win-core-synch-l1-1-0.dll
0x0000026b00f00000 - 0x0000026b00f03000 	D:\Hoc_voi_cha_hanh\javafx-sdk-23\bin\api-ms-win-core-synch-l1-2-0.dll
0x0000026b00f10000 - 0x0000026b00f13000 	D:\Hoc_voi_cha_hanh\javafx-sdk-23\bin\api-ms-win-core-sysinfo-l1-1-0.dll
0x0000026b00f20000 - 0x0000026b00f23000 	D:\Hoc_voi_cha_hanh\javafx-sdk-23\bin\api-ms-win-core-timezone-l1-1-0.dll
0x0000026b00f30000 - 0x0000026b00f33000 	D:\Hoc_voi_cha_hanh\javafx-sdk-23\bin\api-ms-win-core-util-l1-1-0.dll
0x0000026b00f40000 - 0x0000026b00f43000 	D:\Hoc_voi_cha_hanh\javafx-sdk-23\bin\api-ms-win-crt-conio-l1-1-0.dll
0x0000026b00f50000 - 0x0000026b00f54000 	D:\Hoc_voi_cha_hanh\javafx-sdk-23\bin\api-ms-win-crt-convert-l1-1-0.dll
0x0000026b00f60000 - 0x0000026b00f63000 	D:\Hoc_voi_cha_hanh\javafx-sdk-23\bin\api-ms-win-crt-environment-l1-1-0.dll
0x0000026b00f70000 - 0x0000026b00f73000 	D:\Hoc_voi_cha_hanh\javafx-sdk-23\bin\api-ms-win-crt-filesystem-l1-1-0.dll
0x0000026b00f80000 - 0x0000026b00f83000 	D:\Hoc_voi_cha_hanh\javafx-sdk-23\bin\api-ms-win-crt-heap-l1-1-0.dll
0x0000026b00f90000 - 0x0000026b00f93000 	D:\Hoc_voi_cha_hanh\javafx-sdk-23\bin\api-ms-win-crt-locale-l1-1-0.dll
0x0000026b00fa0000 - 0x0000026b00fa5000 	D:\Hoc_voi_cha_hanh\javafx-sdk-23\bin\api-ms-win-crt-math-l1-1-0.dll
0x0000026b00fb0000 - 0x0000026b00fb5000 	D:\Hoc_voi_cha_hanh\javafx-sdk-23\bin\api-ms-win-crt-multibyte-l1-1-0.dll
0x0000026b00fc0000 - 0x0000026b00fd0000 	D:\Hoc_voi_cha_hanh\javafx-sdk-23\bin\api-ms-win-crt-private-l1-1-0.dll
0x0000026b00fd0000 - 0x0000026b00fd3000 	D:\Hoc_voi_cha_hanh\javafx-sdk-23\bin\api-ms-win-crt-process-l1-1-0.dll
0x0000026b00fe0000 - 0x0000026b00fe4000 	D:\Hoc_voi_cha_hanh\javafx-sdk-23\bin\api-ms-win-crt-runtime-l1-1-0.dll
0x0000026b00ff0000 - 0x0000026b00ff4000 	D:\Hoc_voi_cha_hanh\javafx-sdk-23\bin\api-ms-win-crt-stdio-l1-1-0.dll
0x0000026b477d0000 - 0x0000026b477d4000 	D:\Hoc_voi_cha_hanh\javafx-sdk-23\bin\api-ms-win-crt-string-l1-1-0.dll
0x0000026b477e0000 - 0x0000026b477e3000 	D:\Hoc_voi_cha_hanh\javafx-sdk-23\bin\api-ms-win-crt-time-l1-1-0.dll
0x0000026b477f0000 - 0x0000026b477f3000 	D:\Hoc_voi_cha_hanh\javafx-sdk-23\bin\api-ms-win-crt-utility-l1-1-0.dll
0x00007ffc9f510000 - 0x00007ffc9f60c000 	D:\Hoc_voi_cha_hanh\javafx-sdk-23\bin\ucrtbase.dll
0x00007ffcdb0c0000 - 0x00007ffcdb0db000 	D:\Hoc_voi_cha_hanh\javafx-sdk-23\bin\vcruntime140.dll
0x00007ffcd99f0000 - 0x00007ffcd99fc000 	D:\Hoc_voi_cha_hanh\javafx-sdk-23\bin\vcruntime140_1.dll
0x00007ffcbdd40000 - 0x00007ffcbddce000 	D:\Hoc_voi_cha_hanh\javafx-sdk-23\bin\msvcp140.dll
0x00007ffcd7760000 - 0x00007ffcd7769000 	D:\Hoc_voi_cha_hanh\javafx-sdk-23\bin\msvcp140_1.dll
0x00007ffcd43f0000 - 0x00007ffcd4431000 	D:\Hoc_voi_cha_hanh\javafx-sdk-23\bin\msvcp140_2.dll
0x00007ffcba090000 - 0x00007ffcba0c0000 	D:\Hoc_voi_cha_hanh\javafx-sdk-23\bin\prism_d3d.dll
0x00007ffcbaa50000 - 0x00007ffcbabf8000 	C:\WINDOWS\system32\d3d9.dll
0x00007ffce3780000 - 0x00007ffce37ab000 	C:\WINDOWS\SYSTEM32\dwmapi.dll
0x00007ffce37b0000 - 0x00007ffce37e7000 	C:\WINDOWS\SYSTEM32\dxcore.dll
0x00007ffce34b0000 - 0x00007ffce3561000 	C:\WINDOWS\system32\uxtheme.dll
0x00007ffc9f320000 - 0x00007ffc9f483000 	C:\WINDOWS\System32\DriverStore\FileRepository\iigd_dch.inf_amd64_3e62be9c39fb0007\igdumdim64.dll
0x00007ffc89aa0000 - 0x00007ffc8d80b000 	C:\WINDOWS\System32\DriverStore\FileRepository\iigd_dch.inf_amd64_3e62be9c39fb0007\igd9dxva64.dll
0x00007ffce6e40000 - 0x00007ffce6fe5000 	C:\WINDOWS\System32\OLE32.DLL
0x00007ffcd3960000 - 0x00007ffcd3b00000 	C:\WINDOWS\System32\DriverStore\FileRepository\iigd_dch.inf_amd64_3e62be9c39fb0007\igdgmm64.dll
0x00007ffcdea40000 - 0x00007ffcdea89000 	C:\WINDOWS\SYSTEM32\directxdatabasehelper.dll
0x00007ffcb6cc0000 - 0x00007ffcb6d05000 	D:\Hoc_voi_cha_hanh\javafx-sdk-23\bin\glass.dll
0x00007ffce8c30000 - 0x00007ffce8d2f000 	C:\WINDOWS\System32\COMDLG32.dll
0x00007ffca5290000 - 0x00007ffca53c3000 	C:\ProgramData\A-Volute\A-Volute.Nahimic\Modules\Scheduled\x64\AudioDevProps2.dll
0x00007ffce6aa0000 - 0x00007ffce6c00000 	C:\WINDOWS\System32\MSCTF.dll

dbghelp: loaded successfully - version: 4.0.5 - missing functions: none
symbol engine: initialized successfully - sym options: 0x614 - pdb path: .;C:\Program Files\Java\jdk-21\bin;C:\WINDOWS\SYSTEM32;C:\WINDOWS\WinSxS\amd64_microsoft.windows.common-controls_6595b64144ccf1df_6.0.22621.3672_none_2713b9d173822955;C:\Program Files\Java\jdk-21\bin\server;D:\Hoc_voi_cha_hanh\javafx-sdk-23\bin;C:\WINDOWS\System32\DriverStore\FileRepository\iigd_dch.inf_amd64_3e62be9c39fb0007;C:\ProgramData\A-Volute\A-Volute.Nahimic\Modules\Scheduled\x64

VM Arguments:
jvm_args: -XX:+ShowCodeDetailsInExceptionMessages -agentlib:jdwp=transport=dt_socket,suspend=y,address=localhost:64960 --module-path=D:\Hoc_voi_cha_hanh\javafx-sdk-21.0.5\lib --add-modules=javafx.controls,javafx.fxml -javaagent:C:\Users\tranc\eclipse\jee-2024-064\eclipse\configuration\org.eclipse.osgi\448\0\.cp\lib\javaagent-shaded.jar -Dfile.encoding=UTF-8 -Dstdout.encoding=UTF-8 -Dstderr.encoding=UTF-8 --module-path=D:\Hoc_voi_cha_hanh\javafx-sdk-23\lib\javafx.base.jar;D:\Hoc_voi_cha_hanh\javafx-sdk-23\lib\javafx.controls.jar;D:\Hoc_voi_cha_hanh\javafx-sdk-23\lib\javafx.fxml.jar;D:\Hoc_voi_cha_hanh\javafx-sdk-23\lib\javafx.graphics.jar;D:\Hoc_voi_cha_hanh\javafx-sdk-23\lib\javafx.media.jar;D:\Hoc_voi_cha_hanh\javafx-sdk-23\lib\javafx.swing.jar;D:\Hoc_voi_cha_hanh\javafx-sdk-23\lib\javafx.web.jar;D:\Hoc_voi_cha_hanh\javafx-sdk-23\lib\javafx-swt.jar 
java_command: fall24.hsf301.slot1.fxgui.Main
java_class_path (initial): C:\Users\tranc\eclipse-workspace\StudentManageG\bin;C:\Users\tranc\.p2\pool\plugins\org.eclipse.fx.ide.css.jfx8_3.10.0.202303150700.jar;C:\Users\tranc\eclipse-workspace\HSF301_Chapter01_Ex_02_ManyToOne\target\classes;C:\Users\tranc\.m2\repository\org\hibernate\hibernate-entitymanager\5.6.9.Final\hibernate-entitymanager-5.6.9.Final.jar;C:\Users\tranc\.m2\repository\org\jboss\logging\jboss-logging\3.4.3.Final\jboss-logging-3.4.3.Final.jar;C:\Users\tranc\.m2\repository\org\hibernate\hibernate-core\5.6.9.Final\hibernate-core-5.6.9.Final.jar;C:\Users\tranc\.m2\repository\antlr\antlr\2.7.7\antlr-2.7.7.jar;C:\Users\tranc\.m2\repository\org\jboss\jandex\2.4.2.Final\jandex-2.4.2.Final.jar;C:\Users\tranc\.m2\repository\com\fasterxml\classmate\1.5.1\classmate-1.5.1.jar;C:\Users\tranc\.m2\repository\javax\activation\javax.activation-api\1.2.0\javax.activation-api-1.2.0.jar;C:\Users\tranc\.m2\repository\javax\xml\bind\jaxb-api\2.3.1\jaxb-api-2.3.1.jar;C:\Users\tranc\.m2\repository\org\glassfish\jaxb\jaxb-runtime\2.3.1\jaxb-runtime-2.3.1.jar;C:\Users\tranc\.m2\repository\org\glassfish\jaxb\txw2\2.3.1\txw2-2.3.1.jar;C:\Users\tranc\.m2\repository\com\sun\istack\istack-commons-runtime\3.0.7\istack-commons-runtime-3.0.7.jar;C:\Users\tranc\.m2\repository\org\jvnet\staxex\stax-ex\1.8\stax-ex-1.8.jar;C:\Users\tranc\.m2\repository\com\sun\xml\fastinfoset\FastInfoset\1.2.15\FastInfoset-1.2.15.jar;C:\Users\tranc\.m2\repository\org\hibernate\common\hibernate-commons-annotations\5.1.2.Final\hibernate-commons-annotations-5.1.2.Final.jar;C:\Users\tranc\.m2\repository\javax\persistence\javax.persistence-api\2.2\javax.persistence-api-2.2.jar;C:\Users\tranc\.m2\repository\net\bytebuddy\byte-buddy\1.12.9\byte-buddy-1.12.9.jar;C:\Users\tranc\.m2\repository\org\jboss\spec\javax\transaction\jboss-transaction-api_1.2_spec\1.1.1.Final\jboss-transaction-api_1.2_spec-1.1.1.Final.jar;C:\Users\tranc\.m2\repository\com\microsoft\sqlserver\mssql-jdbc\11.2.3.jre17\mssql-jdbc-11.2.3.jre17.jar
Launcher Type: SUN_STANDARD

[Global flags]
     intx CICompilerCount                          = 4                                         {product} {ergonomic}
     uint ConcGCThreads                            = 3                                         {product} {ergonomic}
     uint G1ConcRefinementThreads                  = 10                                        {product} {ergonomic}
   size_t G1HeapRegionSize                         = 2097152                                   {product} {ergonomic}
    uintx GCDrainStackTargetSize                   = 64                                        {product} {ergonomic}
   size_t InitialHeapSize                          = 266338304                                 {product} {ergonomic}
   size_t MarkStackSize                            = 4194304                                   {product} {ergonomic}
   size_t MaxHeapSize                              = 4248829952                                {product} {ergonomic}
   size_t MaxNewSize                               = 2548039680                                {product} {ergonomic}
   size_t MinHeapDeltaBytes                        = 2097152                                   {product} {ergonomic}
   size_t MinHeapSize                              = 8388608                                   {product} {ergonomic}
    uintx NonNMethodCodeHeapSize                   = 5839372                                {pd product} {ergonomic}
    uintx NonProfiledCodeHeapSize                  = 122909434                              {pd product} {ergonomic}
    uintx ProfiledCodeHeapSize                     = 122909434                              {pd product} {ergonomic}
    uintx ReservedCodeCacheSize                    = 251658240                              {pd product} {ergonomic}
     bool SegmentedCodeCache                       = true                                      {product} {ergonomic}
     bool ShowCodeDetailsInExceptionMessages       = true                                   {manageable} {command line}
   size_t SoftMaxHeapSize                          = 4248829952                             {manageable} {ergonomic}
     bool UseCompressedOops                        = true                           {product lp64_product} {ergonomic}
     bool UseG1GC                                  = true                                      {product} {ergonomic}
     bool UseLargePagesIndividualAllocation        = false                                  {pd product} {ergonomic}

Logging:
Log output configuration:
 #0: stdout all=warning uptime,level,tags foldmultilines=false
 #1: stderr all=off uptime,level,tags foldmultilines=false

Environment Variables:
JAVA_HOME=C:\Program Files\Java\jdk-21
CLASSPATH=C:\Program Files\Java\jdk-17\bin
PATH=C:/Program Files/Java/jdk-21/bin/server;C:/Program Files/Java/jdk-21/bin;C:\Program Files\Java\jdk-21\bin;C:\Python312\Scripts\;C:\Python312\;C:\Program Files\Common Files\Oracle\Java\javapath;C:\Program Files (x86)\Common Files\Oracle\Java\javapath;C:\Windows\system32;C:\Windows;C:\Windows\System32\Wbem;C:\Windows\System32\WindowsPowerShell\v1.0\;C:\Windows\System32\OpenSSH\;C:\Program Files (x86)\NVIDIA Corporation\PhysX\Common;C:\Program Files\NVIDIA Corporation\NVIDIA NvDLISR;C:\WINDOWS\system32;C:\WINDOWS;C:\WINDOWS\System32\Wbem;C:\WINDOWS\System32\WindowsPowerShell\v1.0\;C:\WINDOWS\System32\OpenSSH\;C:\Program Files\Azure Data Studio\bin;C:\Program Files (x86)\Microsoft SQL Server\160\Tools\Binn\;C:\Program Files\Microsoft SQL Server\160\Tools\Binn\;C:\Program Files\Microsoft SQL Server\Client SDK\ODBC\170\Tools\Binn\;C:\Program Files\Microsoft SQL Server\160\DTS\Binn\;C:\Program Files (x86)\Microsoft SQL Server\160\DTS\Binn\;C:\Program Files\Java\jdk-21\bin;C:\php-8.3.7;C:\composer;C:\Program Files\nodejs\;C:\ProgramData\chocolatey\bin;C:\Program Files\Cloudflare\Cloudflare WARP\;C:\Program Files\dotnet\;C:\Program Files\Git\cmd;C:\Program Files\Docker\Docker\resources\bin;C:\Program Files\k6\;D:\Hoc_voi_cha_hanh\FPT\FALL24\SWT301\k6-v0.54.0-windows-amd64;D:\Hoc_voi_cha_hanh\FPT\FALL24\SWT301\sonar-scanner-6.2.1.4610-windows-x64\bin;C:\Program Files\apache-maven-3.9.9\bin;C:\Users\tranc\AppData\Local\Microsoft\WindowsApps;D:\Microsoft VS Code\bin;C:\Program Files\Azure Data Studio\bin;C:\mingw64\bin;;C:\Program Files\JetBrains\IntelliJ IDEA 2024.1.2\bin;;C:\Program Files\JetBrains\IntelliJ IDEA Community Edition 2024.1.2\bin;;C:\Program Files\JetBrains\PhpStorm 2024.1.1\bin;;C:\Users\tranc\AppData\Roaming\Composer\vendor\bin;C:\Users\tranc\AppData\Roaming\npm;C:\Users\tranc\.dotnet\tools;C:\Users\tranc\OneDrive\Desktop;
USERNAME=tranc
OS=Windows_NT
PROCESSOR_IDENTIFIER=Intel64 Family 6 Model 165 Stepping 2, GenuineIntel
TMP=C:\Users\tranc\AppData\Local\Temp
TEMP=C:\Users\tranc\AppData\Local\Temp




Periodic native trim disabled

---------------  S Y S T E M  ---------------

OS:
 Windows 11 , 64 bit Build 22621 (10.0.22621.3958)
OS uptime: 2 days 1:29 hours
Hyper-V role detected

CPU: total 12 (initial active 12) (6 cores per cpu, 2 threads per core) family 6 model 165 stepping 2 microcode 0xe0, cx8, cmov, fxsr, ht, mmx, 3dnowpref, sse, sse2, sse3, ssse3, sse4.1, sse4.2, popcnt, lzcnt, tsc, tscinvbit, avx, avx2, aes, erms, clmul, bmi1, bmi2, adx, fma, vzeroupper, clflush, clflushopt, hv, rdtscp, f16c
Processor Information for all 12 processors :
  Max Mhz: 2592, Current Mhz: 2592, Mhz Limit: 2592

Memory: 4k page, system-wide physical 16204M (6997M free)
TotalPageFile size 20172M (AvailPageFile size 6288M)
current process WorkingSet (physical memory assigned to process): 89M, peak: 89M
current process commit charge ("private bytes"): 370M, peak: 370M

vm_info: Java HotSpot(TM) 64-Bit Server VM (21.0.4+8-LTS-274) for windows-amd64 JRE (21.0.4+8-LTS-274), built on 2024-06-05T05:23:33Z by "mach5one" with MS VC++ 17.6 (VS2022)

END.
