#
# A fatal error has been detected by the Java Runtime Environment:
#
#  EXCEPTION_ACCESS_VIOLATION (0xc0000005) at pc=0x00007ffc8fc58b32, pid=20644, tid=23340
#
# JRE version: Java(TM) SE Runtime Environment (21.0.4+8) (build 21.0.4+8-LTS-274)
# Java VM: Java HotSpot(TM) 64-Bit Server VM (21.0.4+8-LTS-274, mixed mode, sharing, tiered, compressed oops, compressed class ptrs, g1 gc, windows-amd64)
# Problematic frame:
# V  [jvm.dll+0x438b32]
#
# No core dump will be written. Minidumps are not enabled by default on client versions of Windows
#
# If you would like to submit a bug report, please visit:
#   https://bugreport.java.com/bugreport/crash.jsp
#

---------------  S U M M A R Y ------------

Command Line: -XX:+ShowCodeDetailsInExceptionMessages -agentlib:jdwp=transport=dt_socket,suspend=y,address=localhost:64997 --module-path=D:\Hoc_voi_cha_hanh\javafx-sdk-21.0.5\lib --add-modules=javafx.controls,javafx.fxml -javaagent:C:\Users\tranc\eclipse\jee-2024-064\eclipse\configuration\org.eclipse.osgi\448\0\.cp\lib\javaagent-shaded.jar -Dfile.encoding=UTF-8 -Dstdout.encoding=UTF-8 -Dstderr.encoding=UTF-8 --module-path=D:\Hoc_voi_cha_hanh\javafx-sdk-23\lib\javafx.base.jar;D:\Hoc_voi_cha_hanh\javafx-sdk-23\lib\javafx.controls.jar;D:\Hoc_voi_cha_hanh\javafx-sdk-23\lib\javafx.fxml.jar;D:\Hoc_voi_cha_hanh\javafx-sdk-23\lib\javafx.graphics.jar;D:\Hoc_voi_cha_hanh\javafx-sdk-23\lib\javafx.media.jar;D:\Hoc_voi_cha_hanh\javafx-sdk-23\lib\javafx.swing.jar;D:\Hoc_voi_cha_hanh\javafx-sdk-23\lib\javafx.web.jar;D:\Hoc_voi_cha_hanh\javafx-sdk-23\lib\javafx-swt.jar fall24.hsf301.slot1.fxgui.Main

Host: Intel(R) Core(TM) i7-10750H CPU @ 2.60GHz, 12 cores, 15G,  Windows 11 , 64 bit Build 22621 (10.0.22621.3958)
Time: Sat Oct 19 21:59:02 2024 SE Asia Standard Time elapsed time: 1.446536 seconds (0d 0h 0m 1s)

---------------  T H R E A D  ---------------

Current thread (0x000001b758b99fe0):  JavaThread "WindowsNativeRunloopThread"        [_thread_in_vm, id=23340, stack(0x00000041f9100000,0x00000041f9200000) (1024K)]

Stack: [0x00000041f9100000,0x00000041f9200000],  sp=0x00000041f91fee00,  free space=1019k
Native frames: (J=compiled Java code, j=interpreted, Vv=VM code, C=native code)
V  [jvm.dll+0x438b32]
C  [glass.dll+0x531c]

Java frames: (J=compiled Java code, j=interpreted, Vv=VM code)
j  com.sun.glass.ui.win.WinApplication._runLoop(Ljava/lang/Runnable;)V+0 javafx.graphics@21.0.5
j  com.sun.glass.ui.win.WinApplication.lambda$runLoop$3(ILjava/lang/Runnable;)V+8 javafx.graphics@21.0.5
j  com.sun.glass.ui.win.WinApplication$$Lambda+0x000001b714084c38.run()V+12 javafx.graphics@21.0.5
j  java.lang.Thread.runWith(Ljava/lang/Object;Ljava/lang/Runnable;)V+5 java.base@21.0.4
j  java.lang.Thread.run()V+19 java.base@21.0.4
v  ~StubRoutines::call_stub 0x000001b70753100d

siginfo: EXCEPTION_ACCESS_VIOLATION (0xc0000005), reading address 0x0000000000000000


Registers:
RAX=0x0000000000000000, RBX=0x000001b758b99fe0, RCX=0x000001b758b9a398, RDX=0x00000041f91fefe8
RSP=0x00000041f91fee00, RBP=0x00000041f91fef08, RSI=0x0000000000000000, RDI=0x000001b758b9a398
R8 =0x0000000000000000, R9 =0x00000041f91fef08, R10=0x0000000000000000, R11=0x0000000000000246
R12=0x0000000000000000, R13=0x000001b754562a40, R14=0x00000041f91fefe8, R15=0x000001b758b99fe0
RIP=0x00007ffc8fc58b32, EFLAGS=0x0000000000010246


Register to memory mapping:

RAX=0x0 is null
RBX=0x000001b758b99fe0 is a thread
RCX=0x000001b758b9a398 points into unknown readable memory: 0x00007ffc903d9610 | 10 96 3d 90 fc 7f 00 00
RDX=0x00000041f91fefe8 is pointing into the stack for thread: 0x000001b758b99fe0
RSP=0x00000041f91fee00 is pointing into the stack for thread: 0x000001b758b99fe0
RBP=0x00000041f91fef08 is pointing into the stack for thread: 0x000001b758b99fe0
RSI=0x0 is null
RDI=0x000001b758b9a398 points into unknown readable memory: 0x00007ffc903d9610 | 10 96 3d 90 fc 7f 00 00
R8 =0x0 is null
R9 =0x00000041f91fef08 is pointing into the stack for thread: 0x000001b758b99fe0
R10=0x0 is null
R11=0x0000000000000246 is an unknown value
R12=0x0 is null
R13={method} {0x000001b754562a48} '_runLoop' '(Ljava/lang/Runnable;)V' in 'com/sun/glass/ui/win/WinApplication'
R14=0x00000041f91fefe8 is pointing into the stack for thread: 0x000001b758b99fe0
R15=0x000001b758b99fe0 is a thread

Top of Stack: (sp=0x00000041f91fee00)
0x00000041f91fee00:   0000000000000006 00007ffc8fe8f36c
0x00000041f91fee10:   000001b700000000 00000041f91fee28
0x00000041f91fee20:   0000b5cc4f2acf4c 0000000000320030
0x00000041f91fee30:   00007ffce6f31f00 00007ffce6609ee1
0x00000041f91fee40:   00000041f91feef8 0000000000000000
0x00000041f91fee50:   000001b758b99fe0 0000000000000000
0x00000041f91fee60:   0000000000000000 00007ffce6f572f0
0x00000041f91fee70:   000001b758c50a60 00007ffce8115d0f
0x00000041f91fee80:   0000000000180016 00007ffce6f31e58
0x00000041f91fee90:   00000041f91fee80 0000000000000000
0x00000041f91feea0:   000001b758b99fe0 00000041f91feff0
0x00000041f91feeb0:   000001b758b9a398 00007ffc92f8531c
0x00000041f91feec0:   0000000000000000 00000041f91fefc8
0x00000041f91feed0:   00000041f91fefe8 000001b758b9a398
0x00000041f91feee0:   00000041f91fefe8 00007ffc92f8ab56
0x00000041f91feef0:   000001b754562a40 000001b700000000
0x00000041f91fef00:   0000000000000000 0000000000000000
0x00000041f91fef10:   000001b7075394b7 000001b7075404b9
0x00000041f91fef20:   000001b754562a40 000001b754562a40
0x00000041f91fef30:   000001b754562a40 00000041f91feff0
0x00000041f91fef40:   000001b7075394b7 000001b7075407b6
0x00000041f91fef50:   000001b754562a40 00000041f91ff5f0
0x00000041f91fef60:   3ff0000000000000 000001b758b99fe0
0x00000041f91fef70:   00000041f91ff5f0 000001b7075400bf
0x00000041f91fef80:   00000041f91fef80 000001b754562a40
0x00000041f91fef90:   0000000000000005 000001b754588378
0x00000041f91fefa0:   0000000000000000 00000007126c4258
0x00000041f91fefb0:   000001b754562a40 0000000000000000
0x00000041f91fefc0:   00000041f91fefe8 00000041f91ff040
0x00000041f91fefd0:   000001b7075391b4 0000000000000000
0x00000041f91fefe0:   000001b70753c6f7 0000000712460780
0x00000041f91feff0:   000000071244fcc8 00000041f91feff8 

Instructions: (pc=0x00007ffc8fc58b32)
0x00007ffc8fc58a32:   48 8b 4b 08 48 8b 43 18 48 89 41 18 48 8b 4b 08
0x00007ffc8fc58a42:   48 8b 43 20 48 89 41 20 48 8d 8f 98 03 00 00 e8
0x00007ffc8fc58a52:   ea a2 ed ff 90 c7 87 4c 04 00 00 04 00 00 00 48
0x00007ffc8fc58a62:   81 c4 b8 00 00 00 41 5f 41 5e 5f 5e 5d 5b c3 cc
0x00007ffc8fc58a72:   cc cc cc cc cc cc cc cc cc cc cc cc cc cc 48 89
0x00007ffc8fc58a82:   5c 24 08 48 89 6c 24 10 48 89 74 24 18 57 41 56
0x00007ffc8fc58a92:   41 57 48 81 ec a0 00 00 00 8b 81 b8 00 00 00 48
0x00007ffc8fc58aa2:   8d 99 48 fc ff ff 05 53 21 ff ff 49 8b e9 49 8b
0x00007ffc8fc58ab2:   f0 4c 8b f2 48 8b f9 83 f8 01 77 08 48 8b cb e8
0x00007ffc8fc58ac2:   8a 13 fb ff 80 3d 38 6c 7e 00 00 c7 83 4c 04 00
0x00007ffc8fc58ad2:   00 06 00 00 00 75 06 e8 52 12 28 00 90 48 8b 83
0x00007ffc8fc58ae2:   50 04 00 00 a8 01 74 0d 45 33 c0 b2 01 48 8b cb
0x00007ffc8fc58af2:   e8 49 10 2f 00 8b 83 48 04 00 00 a8 0c 74 08 48
0x00007ffc8fc58b02:   8b cb e8 f7 27 fb ff c7 83 4c 04 00 00 06 00 00
0x00007ffc8fc58b12:   00 48 83 7b 08 00 48 89 5c 24 50 48 c7 44 24 58
0x00007ffc8fc58b22:   00 00 00 00 74 0a 48 8d 4c 24 50 e8 5e d0 2b 00
0x00007ffc8fc58b32:   48 8b 16 48 8d 4c 24 70 c7 44 24 40 0e 00 00 00
0x00007ffc8fc58b42:   e8 39 5f 01 00 48 8d 44 24 70 48 89 5c 24 30 48
0x00007ffc8fc58b52:   89 44 24 28 4c 8d 3d 63 e1 5a 00 41 b9 01 00 00
0x00007ffc8fc58b62:   00 48 89 74 24 20 4d 8b c6 4c 89 7c 24 70 48 8d
0x00007ffc8fc58b72:   54 24 40 48 89 ac 24 98 00 00 00 48 8b cf e8 ab
0x00007ffc8fc58b82:   6c 01 00 48 83 7c 24 58 00 4c 89 7c 24 70 48 c7
0x00007ffc8fc58b92:   84 24 98 00 00 00 00 00 00 00 74 0a 48 8d 4c 24
0x00007ffc8fc58ba2:   50 e8 68 d0 2b 00 48 8b bb 98 01 00 00 48 8b 47
0x00007ffc8fc58bb2:   10 48 83 38 00 74 08 48 8b cf e8 9f 43 f6 ff 48
0x00007ffc8fc58bc2:   8b 4f 08 48 8b 47 10 48 89 41 10 48 8b 4f 08 48
0x00007ffc8fc58bd2:   8b 47 18 48 89 41 18 48 8b 4f 08 48 8b 47 20 48
0x00007ffc8fc58be2:   89 41 20 48 8d 8b 98 03 00 00 e8 4f a1 ed ff 4c
0x00007ffc8fc58bf2:   8d 9c 24 a0 00 00 00 90 49 8b 6b 28 49 8b 73 30
0x00007ffc8fc58c02:   c7 83 4c 04 00 00 04 00 00 00 49 8b 5b 20 49 8b
0x00007ffc8fc58c12:   e3 41 5f 41 5e 5f c3 cc cc cc cc cc cc cc 48 89
0x00007ffc8fc58c22:   5c 24 08 48 89 6c 24 10 48 89 74 24 18 48 89 7c 


Stack slot to memory mapping:

stack at sp + 0 slots: 0x0000000000000006 is an unknown value
stack at sp + 1 slots: 0x00007ffc8fe8f36c jvm.dll
stack at sp + 2 slots: 0x000001b700000000 points into unknown readable memory: 0x0000000000000009 | 09 00 00 00 00 00 00 00
stack at sp + 3 slots: 0x00000041f91fee28 is pointing into the stack for thread: 0x000001b758b99fe0
stack at sp + 4 slots: 0x0000b5cc4f2acf4c is an unknown value
stack at sp + 5 slots: 0x0000000000320030 is an unknown value
stack at sp + 6 slots: 0x00007ffce6f31f00 OLE32.DLL
stack at sp + 7 slots: 0x00007ffce6609ee1 KERNELBASE.dll


---------------  P R O C E S S  ---------------

Threads class SMR info:
_java_thread_list=0x000001b758b92710, length=19, elements={
0x000001b7732be540, 0x000001b77f8d65b0, 0x000001b77f8d84e0, 0x000001b77f8de2c0,
0x000001b77f8def20, 0x000001b77f8e1a90, 0x000001b77f8e24f0, 0x000001b77f8e3280,
0x000001b77f8e7bf0, 0x000001b7581f4b80, 0x000001b7585f2780, 0x000001b75888c7a0,
0x000001b75888ce20, 0x000001b7582f8570, 0x000001b758db7990, 0x000001b758ef0ce0,
0x000001b7591ab580, 0x000001b758b96de0, 0x000001b758b99fe0
}

Java Threads: ( => current thread )
  0x000001b7732be540 JavaThread "main"                              [_thread_blocked, id=8576, stack(0x00000041f7100000,0x00000041f7200000) (1024K)]
  0x000001b77f8d65b0 JavaThread "Reference Handler"          daemon [_thread_blocked, id=20052, stack(0x00000041f7900000,0x00000041f7a00000) (1024K)]
  0x000001b77f8d84e0 JavaThread "Finalizer"                  daemon [_thread_blocked, id=22904, stack(0x00000041f7a00000,0x00000041f7b00000) (1024K)]
  0x000001b77f8de2c0 JavaThread "Signal Dispatcher"          daemon [_thread_blocked, id=14112, stack(0x00000041f7b00000,0x00000041f7c00000) (1024K)]
  0x000001b77f8def20 JavaThread "Attach Listener"            daemon [_thread_blocked, id=8744, stack(0x00000041f7c00000,0x00000041f7d00000) (1024K)]
  0x000001b77f8e1a90 JavaThread "Service Thread"             daemon [_thread_blocked, id=21804, stack(0x00000041f7d00000,0x00000041f7e00000) (1024K)]
  0x000001b77f8e24f0 JavaThread "Monitor Deflation Thread"   daemon [_thread_blocked, id=16280, stack(0x00000041f7e00000,0x00000041f7f00000) (1024K)]
  0x000001b77f8e3280 JavaThread "C2 CompilerThread0"         daemon [_thread_blocked, id=15840, stack(0x00000041f7f00000,0x00000041f8000000) (1024K)]
  0x000001b77f8e7bf0 JavaThread "C1 CompilerThread0"         daemon [_thread_blocked, id=18348, stack(0x00000041f8000000,0x00000041f8100000) (1024K)]
  0x000001b7581f4b80 JavaThread "Common-Cleaner"             daemon [_thread_blocked, id=7504, stack(0x00000041f8100000,0x00000041f8200000) (1024K)]
  0x000001b7585f2780 JavaThread "JDWP Transport Listener: dt_socket" daemon [_thread_blocked, id=18848, stack(0x00000041f8400000,0x00000041f8500000) (1024K)]
  0x000001b75888c7a0 JavaThread "JDWP Event Helper Thread"   daemon [_thread_blocked, id=12412, stack(0x00000041f8500000,0x00000041f8600000) (1024K)]
  0x000001b75888ce20 JavaThread "JDWP Command Reader"        daemon [_thread_in_native, id=22552, stack(0x00000041f8600000,0x00000041f8700000) (1024K)]
  0x000001b7582f8570 JavaThread "C2 CompilerThread1"         daemon [_thread_blocked, id=17880, stack(0x00000041f8200000,0x00000041f8300000) (1024K)]
  0x000001b758db7990 JavaThread "C2 CompilerThread2"         daemon [_thread_blocked, id=12928, stack(0x00000041f8300000,0x00000041f8400000) (1024K)]
  0x000001b758ef0ce0 JavaThread "Notification Thread"        daemon [_thread_blocked, id=13344, stack(0x00000041f8700000,0x00000041f8800000) (1024K)]
  0x000001b7591ab580 JavaThread "QuantumRenderer-0"          daemon [_thread_blocked, id=2288, stack(0x00000041f8f00000,0x00000041f9000000) (1024K)]
  0x000001b758b96de0 JavaThread "InvokeLaterDispatcher"      daemon [_thread_blocked, id=15628, stack(0x00000041f9000000,0x00000041f9100000) (1024K)]
=>0x000001b758b99fe0 JavaThread "WindowsNativeRunloopThread"        [_thread_in_vm, id=23340, stack(0x00000041f9100000,0x00000041f9200000) (1024K)]
Total: 19

Other Threads:
  0x000001b77f8b77e0 VMThread "VM Thread"                           [id=8484, stack(0x00000041f7800000,0x00000041f7900000) (1024K)]
  0x000001b77f89a440 WatcherThread "VM Periodic Task Thread"        [id=13000, stack(0x00000041f7700000,0x00000041f7800000) (1024K)]
  0x000001b773325160 WorkerThread "GC Thread#0"                     [id=3580, stack(0x00000041f7200000,0x00000041f7300000) (1024K)]
  0x000001b758d2c340 WorkerThread "GC Thread#1"                     [id=7696, stack(0x00000041f8800000,0x00000041f8900000) (1024K)]
  0x000001b758d162d0 WorkerThread "GC Thread#2"                     [id=23252, stack(0x00000041f8900000,0x00000041f8a00000) (1024K)]
  0x000001b758ba2000 WorkerThread "GC Thread#3"                     [id=22988, stack(0x00000041f8a00000,0x00000041f8b00000) (1024K)]
  0x000001b758ba23a0 WorkerThread "GC Thread#4"                     [id=15428, stack(0x00000041f8b00000,0x00000041f8c00000) (1024K)]
  0x000001b7591a91a0 WorkerThread "GC Thread#5"                     [id=14808, stack(0x00000041f8c00000,0x00000041f8d00000) (1024K)]
  0x000001b758c52d80 WorkerThread "GC Thread#6"                     [id=18892, stack(0x00000041f8d00000,0x00000041f8e00000) (1024K)]
  0x000001b758c53120 WorkerThread "GC Thread#7"                     [id=15988, stack(0x00000041f8e00000,0x00000041f8f00000) (1024K)]
  0x000001b773335e80 ConcurrentGCThread "G1 Main Marker"            [id=18248, stack(0x00000041f7300000,0x00000041f7400000) (1024K)]
  0x000001b773336980 WorkerThread "G1 Conc#0"                       [id=13384, stack(0x00000041f7400000,0x00000041f7500000) (1024K)]
  0x000001b77f7695d0 ConcurrentGCThread "G1 Refine#0"               [id=2064, stack(0x00000041f7500000,0x00000041f7600000) (1024K)]
  0x000001b77f76b1f0 ConcurrentGCThread "G1 Service"                [id=18368, stack(0x00000041f7600000,0x00000041f7700000) (1024K)]
Total: 14

Threads with active compile tasks:
Total: 0

VM state: not at safepoint (normal execution)

VM Mutex/Monitor currently owned by a thread: None

Heap address: 0x0000000702c00000, size: 4052 MB, Compressed Oops mode: Zero based, Oop shift amount: 3

CDS archive(s) mapped at: [0x000001b713000000-0x000001b713c90000-0x000001b713c90000), size 13172736, SharedBaseAddress: 0x000001b713000000, ArchiveRelocationMode: 1.
Compressed class space mapped at: 0x000001b714000000-0x000001b754000000, reserved size: 1073741824
Narrow klass base: 0x000001b713000000, Narrow klass shift: 0, Narrow klass range: 0x100000000

GC Precious Log:
 CardTable entry size: 512
 Card Set container configuration: InlinePtr #cards 4 size 8 Array Of Cards #cards 16 size 48 Howl #buckets 8 coarsen threshold 3686 Howl Bitmap #cards 512 size 80 coarsen threshold 460 Card regions per heap region 1 cards per card region 4096
 CPUs: 12 total, 12 available
 Memory: 16204M
 Large Page Support: Disabled
 NUMA Support: Disabled
 Compressed Oops: Enabled (Zero based)
 Heap Region Size: 2M
 Heap Min Capacity: 8M
 Heap Initial Capacity: 254M
 Heap Max Capacity: 4052M
 Pre-touch: Disabled
 Parallel Workers: 10
 Concurrent Workers: 3
 Concurrent Refinement Workers: 10
 Periodic GC: Disabled

Heap:
 garbage-first heap   total 260096K, used 5728K [0x0000000702c00000, 0x0000000800000000)
  region size 2048K, 5 young (10240K), 2 survivors (4096K)
 Metaspace       used 4932K, committed 5120K, reserved 1114112K
  class space    used 474K, committed 576K, reserved 1048576K

Heap Regions: E=young(eden), S=young(survivor), O=old, HS=humongous(starts), HC=humongous(continues), CS=collection set, F=free, TAMS=top-at-mark-start, PB=parsable bottom
|   0|0x0000000702c00000, 0x0000000702c00000, 0x0000000702e00000|  0%| F|  |TAMS 0x0000000702c00000| PB 0x0000000702c00000| Untracked 
|   1|0x0000000702e00000, 0x0000000702e00000, 0x0000000703000000|  0%| F|  |TAMS 0x0000000702e00000| PB 0x0000000702e00000| Untracked 
|   2|0x0000000703000000, 0x0000000703000000, 0x0000000703200000|  0%| F|  |TAMS 0x0000000703000000| PB 0x0000000703000000| Untracked 
|   3|0x0000000703200000, 0x0000000703200000, 0x0000000703400000|  0%| F|  |TAMS 0x0000000703200000| PB 0x0000000703200000| Untracked 
|   4|0x0000000703400000, 0x0000000703400000, 0x0000000703600000|  0%| F|  |TAMS 0x0000000703400000| PB 0x0000000703400000| Untracked 
|   5|0x0000000703600000, 0x0000000703600000, 0x0000000703800000|  0%| F|  |TAMS 0x0000000703600000| PB 0x0000000703600000| Untracked 
|   6|0x0000000703800000, 0x0000000703800000, 0x0000000703a00000|  0%| F|  |TAMS 0x0000000703800000| PB 0x0000000703800000| Untracked 
|   7|0x0000000703a00000, 0x0000000703a00000, 0x0000000703c00000|  0%| F|  |TAMS 0x0000000703a00000| PB 0x0000000703a00000| Untracked 
|   8|0x0000000703c00000, 0x0000000703c00000, 0x0000000703e00000|  0%| F|  |TAMS 0x0000000703c00000| PB 0x0000000703c00000| Untracked 
|   9|0x0000000703e00000, 0x0000000703e00000, 0x0000000704000000|  0%| F|  |TAMS 0x0000000703e00000| PB 0x0000000703e00000| Untracked 
|  10|0x0000000704000000, 0x0000000704000000, 0x0000000704200000|  0%| F|  |TAMS 0x0000000704000000| PB 0x0000000704000000| Untracked 
|  11|0x0000000704200000, 0x0000000704200000, 0x0000000704400000|  0%| F|  |TAMS 0x0000000704200000| PB 0x0000000704200000| Untracked 
|  12|0x0000000704400000, 0x0000000704400000, 0x0000000704600000|  0%| F|  |TAMS 0x0000000704400000| PB 0x0000000704400000| Untracked 
|  13|0x0000000704600000, 0x0000000704600000, 0x0000000704800000|  0%| F|  |TAMS 0x0000000704600000| PB 0x0000000704600000| Untracked 
|  14|0x0000000704800000, 0x0000000704800000, 0x0000000704a00000|  0%| F|  |TAMS 0x0000000704800000| PB 0x0000000704800000| Untracked 
|  15|0x0000000704a00000, 0x0000000704a00000, 0x0000000704c00000|  0%| F|  |TAMS 0x0000000704a00000| PB 0x0000000704a00000| Untracked 
|  16|0x0000000704c00000, 0x0000000704c00000, 0x0000000704e00000|  0%| F|  |TAMS 0x0000000704c00000| PB 0x0000000704c00000| Untracked 
|  17|0x0000000704e00000, 0x0000000704e00000, 0x0000000705000000|  0%| F|  |TAMS 0x0000000704e00000| PB 0x0000000704e00000| Untracked 
|  18|0x0000000705000000, 0x0000000705000000, 0x0000000705200000|  0%| F|  |TAMS 0x0000000705000000| PB 0x0000000705000000| Untracked 
|  19|0x0000000705200000, 0x0000000705200000, 0x0000000705400000|  0%| F|  |TAMS 0x0000000705200000| PB 0x0000000705200000| Untracked 
|  20|0x0000000705400000, 0x0000000705400000, 0x0000000705600000|  0%| F|  |TAMS 0x0000000705400000| PB 0x0000000705400000| Untracked 
|  21|0x0000000705600000, 0x0000000705600000, 0x0000000705800000|  0%| F|  |TAMS 0x0000000705600000| PB 0x0000000705600000| Untracked 
|  22|0x0000000705800000, 0x0000000705800000, 0x0000000705a00000|  0%| F|  |TAMS 0x0000000705800000| PB 0x0000000705800000| Untracked 
|  23|0x0000000705a00000, 0x0000000705a00000, 0x0000000705c00000|  0%| F|  |TAMS 0x0000000705a00000| PB 0x0000000705a00000| Untracked 
|  24|0x0000000705c00000, 0x0000000705c00000, 0x0000000705e00000|  0%| F|  |TAMS 0x0000000705c00000| PB 0x0000000705c00000| Untracked 
|  25|0x0000000705e00000, 0x0000000705e00000, 0x0000000706000000|  0%| F|  |TAMS 0x0000000705e00000| PB 0x0000000705e00000| Untracked 
|  26|0x0000000706000000, 0x0000000706000000, 0x0000000706200000|  0%| F|  |TAMS 0x0000000706000000| PB 0x0000000706000000| Untracked 
|  27|0x0000000706200000, 0x0000000706200000, 0x0000000706400000|  0%| F|  |TAMS 0x0000000706200000| PB 0x0000000706200000| Untracked 
|  28|0x0000000706400000, 0x0000000706400000, 0x0000000706600000|  0%| F|  |TAMS 0x0000000706400000| PB 0x0000000706400000| Untracked 
|  29|0x0000000706600000, 0x0000000706600000, 0x0000000706800000|  0%| F|  |TAMS 0x0000000706600000| PB 0x0000000706600000| Untracked 
|  30|0x0000000706800000, 0x0000000706800000, 0x0000000706a00000|  0%| F|  |TAMS 0x0000000706800000| PB 0x0000000706800000| Untracked 
|  31|0x0000000706a00000, 0x0000000706a00000, 0x0000000706c00000|  0%| F|  |TAMS 0x0000000706a00000| PB 0x0000000706a00000| Untracked 
|  32|0x0000000706c00000, 0x0000000706c00000, 0x0000000706e00000|  0%| F|  |TAMS 0x0000000706c00000| PB 0x0000000706c00000| Untracked 
|  33|0x0000000706e00000, 0x0000000706e00000, 0x0000000707000000|  0%| F|  |TAMS 0x0000000706e00000| PB 0x0000000706e00000| Untracked 
|  34|0x0000000707000000, 0x0000000707000000, 0x0000000707200000|  0%| F|  |TAMS 0x0000000707000000| PB 0x0000000707000000| Untracked 
|  35|0x0000000707200000, 0x0000000707200000, 0x0000000707400000|  0%| F|  |TAMS 0x0000000707200000| PB 0x0000000707200000| Untracked 
|  36|0x0000000707400000, 0x0000000707400000, 0x0000000707600000|  0%| F|  |TAMS 0x0000000707400000| PB 0x0000000707400000| Untracked 
|  37|0x0000000707600000, 0x0000000707600000, 0x0000000707800000|  0%| F|  |TAMS 0x0000000707600000| PB 0x0000000707600000| Untracked 
|  38|0x0000000707800000, 0x0000000707800000, 0x0000000707a00000|  0%| F|  |TAMS 0x0000000707800000| PB 0x0000000707800000| Untracked 
|  39|0x0000000707a00000, 0x0000000707a00000, 0x0000000707c00000|  0%| F|  |TAMS 0x0000000707a00000| PB 0x0000000707a00000| Untracked 
|  40|0x0000000707c00000, 0x0000000707c00000, 0x0000000707e00000|  0%| F|  |TAMS 0x0000000707c00000| PB 0x0000000707c00000| Untracked 
|  41|0x0000000707e00000, 0x0000000707e00000, 0x0000000708000000|  0%| F|  |TAMS 0x0000000707e00000| PB 0x0000000707e00000| Untracked 
|  42|0x0000000708000000, 0x0000000708000000, 0x0000000708200000|  0%| F|  |TAMS 0x0000000708000000| PB 0x0000000708000000| Untracked 
|  43|0x0000000708200000, 0x0000000708200000, 0x0000000708400000|  0%| F|  |TAMS 0x0000000708200000| PB 0x0000000708200000| Untracked 
|  44|0x0000000708400000, 0x0000000708400000, 0x0000000708600000|  0%| F|  |TAMS 0x0000000708400000| PB 0x0000000708400000| Untracked 
|  45|0x0000000708600000, 0x0000000708600000, 0x0000000708800000|  0%| F|  |TAMS 0x0000000708600000| PB 0x0000000708600000| Untracked 
|  46|0x0000000708800000, 0x0000000708800000, 0x0000000708a00000|  0%| F|  |TAMS 0x0000000708800000| PB 0x0000000708800000| Untracked 
|  47|0x0000000708a00000, 0x0000000708a00000, 0x0000000708c00000|  0%| F|  |TAMS 0x0000000708a00000| PB 0x0000000708a00000| Untracked 
|  48|0x0000000708c00000, 0x0000000708c00000, 0x0000000708e00000|  0%| F|  |TAMS 0x0000000708c00000| PB 0x0000000708c00000| Untracked 
|  49|0x0000000708e00000, 0x0000000708e00000, 0x0000000709000000|  0%| F|  |TAMS 0x0000000708e00000| PB 0x0000000708e00000| Untracked 
|  50|0x0000000709000000, 0x0000000709000000, 0x0000000709200000|  0%| F|  |TAMS 0x0000000709000000| PB 0x0000000709000000| Untracked 
|  51|0x0000000709200000, 0x0000000709200000, 0x0000000709400000|  0%| F|  |TAMS 0x0000000709200000| PB 0x0000000709200000| Untracked 
|  52|0x0000000709400000, 0x0000000709400000, 0x0000000709600000|  0%| F|  |TAMS 0x0000000709400000| PB 0x0000000709400000| Untracked 
|  53|0x0000000709600000, 0x0000000709600000, 0x0000000709800000|  0%| F|  |TAMS 0x0000000709600000| PB 0x0000000709600000| Untracked 
|  54|0x0000000709800000, 0x0000000709800000, 0x0000000709a00000|  0%| F|  |TAMS 0x0000000709800000| PB 0x0000000709800000| Untracked 
|  55|0x0000000709a00000, 0x0000000709a00000, 0x0000000709c00000|  0%| F|  |TAMS 0x0000000709a00000| PB 0x0000000709a00000| Untracked 
|  56|0x0000000709c00000, 0x0000000709c00000, 0x0000000709e00000|  0%| F|  |TAMS 0x0000000709c00000| PB 0x0000000709c00000| Untracked 
|  57|0x0000000709e00000, 0x0000000709e00000, 0x000000070a000000|  0%| F|  |TAMS 0x0000000709e00000| PB 0x0000000709e00000| Untracked 
|  58|0x000000070a000000, 0x000000070a000000, 0x000000070a200000|  0%| F|  |TAMS 0x000000070a000000| PB 0x000000070a000000| Untracked 
|  59|0x000000070a200000, 0x000000070a200000, 0x000000070a400000|  0%| F|  |TAMS 0x000000070a200000| PB 0x000000070a200000| Untracked 
|  60|0x000000070a400000, 0x000000070a400000, 0x000000070a600000|  0%| F|  |TAMS 0x000000070a400000| PB 0x000000070a400000| Untracked 
|  61|0x000000070a600000, 0x000000070a600000, 0x000000070a800000|  0%| F|  |TAMS 0x000000070a600000| PB 0x000000070a600000| Untracked 
|  62|0x000000070a800000, 0x000000070a800000, 0x000000070aa00000|  0%| F|  |TAMS 0x000000070a800000| PB 0x000000070a800000| Untracked 
|  63|0x000000070aa00000, 0x000000070aa00000, 0x000000070ac00000|  0%| F|  |TAMS 0x000000070aa00000| PB 0x000000070aa00000| Untracked 
|  64|0x000000070ac00000, 0x000000070ac00000, 0x000000070ae00000|  0%| F|  |TAMS 0x000000070ac00000| PB 0x000000070ac00000| Untracked 
|  65|0x000000070ae00000, 0x000000070ae00000, 0x000000070b000000|  0%| F|  |TAMS 0x000000070ae00000| PB 0x000000070ae00000| Untracked 
|  66|0x000000070b000000, 0x000000070b000000, 0x000000070b200000|  0%| F|  |TAMS 0x000000070b000000| PB 0x000000070b000000| Untracked 
|  67|0x000000070b200000, 0x000000070b200000, 0x000000070b400000|  0%| F|  |TAMS 0x000000070b200000| PB 0x000000070b200000| Untracked 
|  68|0x000000070b400000, 0x000000070b400000, 0x000000070b600000|  0%| F|  |TAMS 0x000000070b400000| PB 0x000000070b400000| Untracked 
|  69|0x000000070b600000, 0x000000070b600000, 0x000000070b800000|  0%| F|  |TAMS 0x000000070b600000| PB 0x000000070b600000| Untracked 
|  70|0x000000070b800000, 0x000000070b800000, 0x000000070ba00000|  0%| F|  |TAMS 0x000000070b800000| PB 0x000000070b800000| Untracked 
|  71|0x000000070ba00000, 0x000000070ba00000, 0x000000070bc00000|  0%| F|  |TAMS 0x000000070ba00000| PB 0x000000070ba00000| Untracked 
|  72|0x000000070bc00000, 0x000000070bc00000, 0x000000070be00000|  0%| F|  |TAMS 0x000000070bc00000| PB 0x000000070bc00000| Untracked 
|  73|0x000000070be00000, 0x000000070be00000, 0x000000070c000000|  0%| F|  |TAMS 0x000000070be00000| PB 0x000000070be00000| Untracked 
|  74|0x000000070c000000, 0x000000070c000000, 0x000000070c200000|  0%| F|  |TAMS 0x000000070c000000| PB 0x000000070c000000| Untracked 
|  75|0x000000070c200000, 0x000000070c200000, 0x000000070c400000|  0%| F|  |TAMS 0x000000070c200000| PB 0x000000070c200000| Untracked 
|  76|0x000000070c400000, 0x000000070c400000, 0x000000070c600000|  0%| F|  |TAMS 0x000000070c400000| PB 0x000000070c400000| Untracked 
|  77|0x000000070c600000, 0x000000070c600000, 0x000000070c800000|  0%| F|  |TAMS 0x000000070c600000| PB 0x000000070c600000| Untracked 
|  78|0x000000070c800000, 0x000000070c800000, 0x000000070ca00000|  0%| F|  |TAMS 0x000000070c800000| PB 0x000000070c800000| Untracked 
|  79|0x000000070ca00000, 0x000000070ca00000, 0x000000070cc00000|  0%| F|  |TAMS 0x000000070ca00000| PB 0x000000070ca00000| Untracked 
|  80|0x000000070cc00000, 0x000000070cc00000, 0x000000070ce00000|  0%| F|  |TAMS 0x000000070cc00000| PB 0x000000070cc00000| Untracked 
|  81|0x000000070ce00000, 0x000000070ce00000, 0x000000070d000000|  0%| F|  |TAMS 0x000000070ce00000| PB 0x000000070ce00000| Untracked 
|  82|0x000000070d000000, 0x000000070d000000, 0x000000070d200000|  0%| F|  |TAMS 0x000000070d000000| PB 0x000000070d000000| Untracked 
|  83|0x000000070d200000, 0x000000070d200000, 0x000000070d400000|  0%| F|  |TAMS 0x000000070d200000| PB 0x000000070d200000| Untracked 
|  84|0x000000070d400000, 0x000000070d400000, 0x000000070d600000|  0%| F|  |TAMS 0x000000070d400000| PB 0x000000070d400000| Untracked 
|  85|0x000000070d600000, 0x000000070d600000, 0x000000070d800000|  0%| F|  |TAMS 0x000000070d600000| PB 0x000000070d600000| Untracked 
|  86|0x000000070d800000, 0x000000070d800000, 0x000000070da00000|  0%| F|  |TAMS 0x000000070d800000| PB 0x000000070d800000| Untracked 
|  87|0x000000070da00000, 0x000000070da00000, 0x000000070dc00000|  0%| F|  |TAMS 0x000000070da00000| PB 0x000000070da00000| Untracked 
|  88|0x000000070dc00000, 0x000000070dc00000, 0x000000070de00000|  0%| F|  |TAMS 0x000000070dc00000| PB 0x000000070dc00000| Untracked 
|  89|0x000000070de00000, 0x000000070de00000, 0x000000070e000000|  0%| F|  |TAMS 0x000000070de00000| PB 0x000000070de00000| Untracked 
|  90|0x000000070e000000, 0x000000070e000000, 0x000000070e200000|  0%| F|  |TAMS 0x000000070e000000| PB 0x000000070e000000| Untracked 
|  91|0x000000070e200000, 0x000000070e200000, 0x000000070e400000|  0%| F|  |TAMS 0x000000070e200000| PB 0x000000070e200000| Untracked 
|  92|0x000000070e400000, 0x000000070e400000, 0x000000070e600000|  0%| F|  |TAMS 0x000000070e400000| PB 0x000000070e400000| Untracked 
|  93|0x000000070e600000, 0x000000070e600000, 0x000000070e800000|  0%| F|  |TAMS 0x000000070e600000| PB 0x000000070e600000| Untracked 
|  94|0x000000070e800000, 0x000000070e800000, 0x000000070ea00000|  0%| F|  |TAMS 0x000000070e800000| PB 0x000000070e800000| Untracked 
|  95|0x000000070ea00000, 0x000000070ea00000, 0x000000070ec00000|  0%| F|  |TAMS 0x000000070ea00000| PB 0x000000070ea00000| Untracked 
|  96|0x000000070ec00000, 0x000000070ec00000, 0x000000070ee00000|  0%| F|  |TAMS 0x000000070ec00000| PB 0x000000070ec00000| Untracked 
|  97|0x000000070ee00000, 0x000000070ee00000, 0x000000070f000000|  0%| F|  |TAMS 0x000000070ee00000| PB 0x000000070ee00000| Untracked 
|  98|0x000000070f000000, 0x000000070f000000, 0x000000070f200000|  0%| F|  |TAMS 0x000000070f000000| PB 0x000000070f000000| Untracked 
|  99|0x000000070f200000, 0x000000070f200000, 0x000000070f400000|  0%| F|  |TAMS 0x000000070f200000| PB 0x000000070f200000| Untracked 
| 100|0x000000070f400000, 0x000000070f400000, 0x000000070f600000|  0%| F|  |TAMS 0x000000070f400000| PB 0x000000070f400000| Untracked 
| 101|0x000000070f600000, 0x000000070f600000, 0x000000070f800000|  0%| F|  |TAMS 0x000000070f600000| PB 0x000000070f600000| Untracked 
| 102|0x000000070f800000, 0x000000070f800000, 0x000000070fa00000|  0%| F|  |TAMS 0x000000070f800000| PB 0x000000070f800000| Untracked 
| 103|0x000000070fa00000, 0x000000070fa00000, 0x000000070fc00000|  0%| F|  |TAMS 0x000000070fa00000| PB 0x000000070fa00000| Untracked 
| 104|0x000000070fc00000, 0x000000070fc00000, 0x000000070fe00000|  0%| F|  |TAMS 0x000000070fc00000| PB 0x000000070fc00000| Untracked 
| 105|0x000000070fe00000, 0x000000070fe00000, 0x0000000710000000|  0%| F|  |TAMS 0x000000070fe00000| PB 0x000000070fe00000| Untracked 
| 106|0x0000000710000000, 0x0000000710000000, 0x0000000710200000|  0%| F|  |TAMS 0x0000000710000000| PB 0x0000000710000000| Untracked 
| 107|0x0000000710200000, 0x0000000710200000, 0x0000000710400000|  0%| F|  |TAMS 0x0000000710200000| PB 0x0000000710200000| Untracked 
| 108|0x0000000710400000, 0x0000000710400000, 0x0000000710600000|  0%| F|  |TAMS 0x0000000710400000| PB 0x0000000710400000| Untracked 
| 109|0x0000000710600000, 0x0000000710600000, 0x0000000710800000|  0%| F|  |TAMS 0x0000000710600000| PB 0x0000000710600000| Untracked 
| 110|0x0000000710800000, 0x0000000710800000, 0x0000000710a00000|  0%| F|  |TAMS 0x0000000710800000| PB 0x0000000710800000| Untracked 
| 111|0x0000000710a00000, 0x0000000710a00000, 0x0000000710c00000|  0%| F|  |TAMS 0x0000000710a00000| PB 0x0000000710a00000| Untracked 
| 112|0x0000000710c00000, 0x0000000710c00000, 0x0000000710e00000|  0%| F|  |TAMS 0x0000000710c00000| PB 0x0000000710c00000| Untracked 
| 113|0x0000000710e00000, 0x0000000710e00000, 0x0000000711000000|  0%| F|  |TAMS 0x0000000710e00000| PB 0x0000000710e00000| Untracked 
| 114|0x0000000711000000, 0x00000007111981e8, 0x0000000711200000| 79%| S|CS|TAMS 0x0000000711000000| PB 0x0000000711000000| Complete 
| 115|0x0000000711200000, 0x0000000711400000, 0x0000000711400000|100%| S|CS|TAMS 0x0000000711200000| PB 0x0000000711200000| Complete 
| 116|0x0000000711400000, 0x0000000711400000, 0x0000000711600000|  0%| F|  |TAMS 0x0000000711400000| PB 0x0000000711400000| Untracked 
| 117|0x0000000711600000, 0x0000000711600000, 0x0000000711800000|  0%| F|  |TAMS 0x0000000711600000| PB 0x0000000711600000| Untracked 
| 118|0x0000000711800000, 0x0000000711800000, 0x0000000711a00000|  0%| F|  |TAMS 0x0000000711800000| PB 0x0000000711800000| Untracked 
| 119|0x0000000711a00000, 0x0000000711a00000, 0x0000000711c00000|  0%| F|  |TAMS 0x0000000711a00000| PB 0x0000000711a00000| Untracked 
| 120|0x0000000711c00000, 0x0000000711c00000, 0x0000000711e00000|  0%| F|  |TAMS 0x0000000711c00000| PB 0x0000000711c00000| Untracked 
| 121|0x0000000711e00000, 0x0000000711e00000, 0x0000000712000000|  0%| F|  |TAMS 0x0000000711e00000| PB 0x0000000711e00000| Untracked 
| 122|0x0000000712000000, 0x0000000712000000, 0x0000000712200000|  0%| F|  |TAMS 0x0000000712000000| PB 0x0000000712000000| Untracked 
| 123|0x0000000712200000, 0x0000000712200000, 0x0000000712400000|  0%| F|  |TAMS 0x0000000712200000| PB 0x0000000712200000| Untracked 
| 124|0x0000000712400000, 0x00000007125192d0, 0x0000000712600000| 54%| E|  |TAMS 0x0000000712400000| PB 0x0000000712400000| Complete 
| 125|0x0000000712600000, 0x0000000712800000, 0x0000000712800000|100%| E|  |TAMS 0x0000000712600000| PB 0x0000000712600000| Complete 
| 126|0x0000000712800000, 0x0000000712a00000, 0x0000000712a00000|100%| E|CS|TAMS 0x0000000712800000| PB 0x0000000712800000| Complete 

Card table byte_map: [0x000001b77c470000,0x000001b77cc60000] _byte_map_base: 0x000001b778c5a000

Marking Bits: (CMBitMap*) 0x000001b773325860
 Bits: [0x000001b70f000000, 0x000001b712f50000)

Polling page: 0x000001b7711f0000

Metaspace:

Usage:
  Non-class:      4.35 MB used.
      Class:    474.83 KB used.
       Both:      4.82 MB used.

Virtual space:
  Non-class space:       64.00 MB reserved,       4.44 MB (  7%) committed,  1 nodes.
      Class space:        1.00 GB reserved,     576.00 KB ( <1%) committed,  1 nodes.
             Both:        1.06 GB reserved,       5.00 MB ( <1%) committed. 

Chunk freelists:
   Non-Class:  10.41 MB
       Class:  15.45 MB
        Both:  25.86 MB

MaxMetaspaceSize: unlimited
CompressedClassSpaceSize: 1.00 GB
Initial GC threshold: 21.00 MB
Current GC threshold: 21.00 MB
CDS: on
 - commit_granule_bytes: 65536.
 - commit_granule_words: 8192.
 - virtual_space_node_default_size: 8388608.
 - enlarge_chunks_in_place: 1.
 - use_allocation_guard: 0.


Internal statistics:

num_allocs_failed_limit: 0.
num_arena_births: 120.
num_arena_deaths: 0.
num_vsnodes_births: 2.
num_vsnodes_deaths: 0.
num_space_committed: 80.
num_space_uncommitted: 0.
num_chunks_returned_to_freelist: 0.
num_chunks_taken_from_freelist: 212.
num_chunk_merges: 0.
num_chunk_splits: 141.
num_chunks_enlarged: 91.
num_inconsistent_stats: 0.

CodeHeap 'non-profiled nmethods': size=120000Kb used=466Kb max_used=466Kb free=119533Kb
 bounds [0x000001b707ad0000, 0x000001b707d40000, 0x000001b70f000000]
CodeHeap 'profiled nmethods': size=120000Kb used=1812Kb max_used=1812Kb free=118187Kb
 bounds [0x000001b700000000, 0x000001b700270000, 0x000001b707530000]
CodeHeap 'non-nmethods': size=5760Kb used=1459Kb max_used=1487Kb free=4300Kb
 bounds [0x000001b707530000, 0x000001b7077a0000, 0x000001b707ad0000]
 total_blobs=1567 nmethods=1075 adapters=397
 compilation: enabled
              stopped_count=0, restarted_count=0
 full_count=0

Compilation events (20 events):
Event: 1.429 Thread 0x000001b77f8e7bf0 nmethod 1061 0x000001b7001c0790 code [0x000001b7001c09e0, 0x000001b7001c11c0]
Event: 1.429 Thread 0x000001b77f8e7bf0 1062       3       java.lang.invoke.DirectMethodHandle::preparedLambdaForm (244 bytes)
Event: 1.430 Thread 0x000001b77f8e7bf0 nmethod 1062 0x000001b7001c1490 code [0x000001b7001c1780, 0x000001b7001c2778]
Event: 1.430 Thread 0x000001b77f8e7bf0 1064       3       java.lang.invoke.DirectMethodHandle::preparedLambdaForm (6 bytes)
Event: 1.430 Thread 0x000001b77f8e7bf0 nmethod 1064 0x000001b7001c2e10 code [0x000001b7001c2fc0, 0x000001b7001c30e8]
Event: 1.431 Thread 0x000001b77f8e7bf0 1067       3       jdk.internal.org.objectweb.asm.MethodWriter::visitInsn (115 bytes)
Event: 1.431 Thread 0x000001b77f8e7bf0 nmethod 1067 0x000001b7001c3190 code [0x000001b7001c3380, 0x000001b7001c37a8]
Event: 1.431 Thread 0x000001b77f8e7bf0 1068       3       java.lang.invoke.MethodHandle::isBuiltinLoader (24 bytes)
Event: 1.431 Thread 0x000001b77f8e7bf0 nmethod 1068 0x000001b7001c3910 code [0x000001b7001c3ac0, 0x000001b7001c3d38]
Event: 1.432 Thread 0x000001b77f8e7bf0 1071       3       sun.invoke.util.Wrapper::forBasicType (103 bytes)
Event: 1.432 Thread 0x000001b77f8e7bf0 nmethod 1071 0x000001b7001c3e10 code [0x000001b7001c4020, 0x000001b7001c4518]
Event: 1.432 Thread 0x000001b77f8e7bf0 1072       3       jdk.internal.org.objectweb.asm.Type::<init> (26 bytes)
Event: 1.432 Thread 0x000001b77f8e7bf0 nmethod 1072 0x000001b7001c4590 code [0x000001b7001c4720, 0x000001b7001c48f0]
Event: 1.432 Thread 0x000001b77f8e7bf0 1073       3       java.lang.Byte::<init> (10 bytes)
Event: 1.432 Thread 0x000001b77f8e7bf0 nmethod 1073 0x000001b7001c4990 code [0x000001b7001c4b40, 0x000001b7001c4d08]
Event: 1.432 Thread 0x000001b77f8e7bf0 1075       3       java.lang.ref.Reference::<init> (7 bytes)
Event: 1.432 Thread 0x000001b77f8e7bf0 nmethod 1075 0x000001b7001c4e10 code [0x000001b7001c4fc0, 0x000001b7001c5280]
Event: 1.434 Thread 0x000001b7582f8570 1076       4       org.eclipse.jdt.launching.internal.org.objectweb.asm.SymbolTable$Entry::<init> (20 bytes)
Event: 1.436 Thread 0x000001b7582f8570 nmethod 1076 0x000001b707b3f190 code [0x000001b707b3f320, 0x000001b707b3f6a8]
Event: 1.441 Thread 0x000001b758db7990 nmethod 1054 0x000001b707b3f790 code [0x000001b707b3f9e0, 0x000001b707b40a48]

GC Heap History (2 events):
Event: 1.329 GC heap before
{Heap before GC invocations=0 (full 0):
 garbage-first heap   total 260096K, used 22528K [0x0000000702c00000, 0x0000000800000000)
  region size 2048K, 11 young (22528K), 0 survivors (0K)
 Metaspace       used 4342K, committed 4480K, reserved 1114112K
  class space    used 410K, committed 512K, reserved 1048576K
}
Event: 1.332 GC heap after
{Heap after GC invocations=1 (full 0):
 garbage-first heap   total 260096K, used 3680K [0x0000000702c00000, 0x0000000800000000)
  region size 2048K, 2 young (4096K), 2 survivors (4096K)
 Metaspace       used 4342K, committed 4480K, reserved 1114112K
  class space    used 410K, committed 512K, reserved 1048576K
}

Dll operation events (20 events):
Event: 1.275 Loaded shared library D:\Hoc_voi_cha_hanh\javafx-sdk-23\bin\api-ms-win-crt-filesystem-l1-1-0.dll
Event: 1.276 Loaded shared library D:\Hoc_voi_cha_hanh\javafx-sdk-23\bin\api-ms-win-crt-heap-l1-1-0.dll
Event: 1.278 Loaded shared library D:\Hoc_voi_cha_hanh\javafx-sdk-23\bin\api-ms-win-crt-locale-l1-1-0.dll
Event: 1.279 Loaded shared library D:\Hoc_voi_cha_hanh\javafx-sdk-23\bin\api-ms-win-crt-math-l1-1-0.dll
Event: 1.280 Loaded shared library D:\Hoc_voi_cha_hanh\javafx-sdk-23\bin\api-ms-win-crt-multibyte-l1-1-0.dll
Event: 1.281 Loaded shared library D:\Hoc_voi_cha_hanh\javafx-sdk-23\bin\api-ms-win-crt-private-l1-1-0.dll
Event: 1.281 Loaded shared library D:\Hoc_voi_cha_hanh\javafx-sdk-23\bin\api-ms-win-crt-process-l1-1-0.dll
Event: 1.282 Loaded shared library D:\Hoc_voi_cha_hanh\javafx-sdk-23\bin\api-ms-win-crt-runtime-l1-1-0.dll
Event: 1.283 Loaded shared library D:\Hoc_voi_cha_hanh\javafx-sdk-23\bin\api-ms-win-crt-stdio-l1-1-0.dll
Event: 1.284 Loaded shared library D:\Hoc_voi_cha_hanh\javafx-sdk-23\bin\api-ms-win-crt-string-l1-1-0.dll
Event: 1.286 Loaded shared library D:\Hoc_voi_cha_hanh\javafx-sdk-23\bin\api-ms-win-crt-time-l1-1-0.dll
Event: 1.286 Loaded shared library D:\Hoc_voi_cha_hanh\javafx-sdk-23\bin\api-ms-win-crt-utility-l1-1-0.dll
Event: 1.287 Loaded shared library D:\Hoc_voi_cha_hanh\javafx-sdk-23\bin\ucrtbase.dll
Event: 1.288 Loaded shared library D:\Hoc_voi_cha_hanh\javafx-sdk-23\bin\vcruntime140.dll
Event: 1.289 Loaded shared library D:\Hoc_voi_cha_hanh\javafx-sdk-23\bin\vcruntime140_1.dll
Event: 1.290 Loaded shared library D:\Hoc_voi_cha_hanh\javafx-sdk-23\bin\msvcp140.dll
Event: 1.291 Loaded shared library D:\Hoc_voi_cha_hanh\javafx-sdk-23\bin\msvcp140_1.dll
Event: 1.292 Loaded shared library D:\Hoc_voi_cha_hanh\javafx-sdk-23\bin\msvcp140_2.dll
Event: 1.345 Loaded shared library D:\Hoc_voi_cha_hanh\javafx-sdk-23\bin\prism_d3d.dll
Event: 1.424 Loaded shared library D:\Hoc_voi_cha_hanh\javafx-sdk-23\bin\glass.dll

Deoptimization events (20 events):
Event: 1.322 Thread 0x000001b7732be540 Uncommon trap: trap_request=0xffffff45 fr.pc=0x000001b707adf26c relative=0x00000000000002ac
Event: 1.322 Thread 0x000001b7732be540 Uncommon trap: reason=unstable_if action=reinterpret pc=0x000001b707adf26c method=java.lang.String.isLatin1()Z @ 10 c2
Event: 1.322 Thread 0x000001b7732be540 DEOPT PACKING pc=0x000001b707adf26c sp=0x00000041f71f8d90
Event: 1.322 Thread 0x000001b7732be540 DEOPT UNPACKING pc=0x000001b7075846a2 sp=0x00000041f71f8cc0 mode 2
Event: 1.392 Thread 0x000001b7732be540 Uncommon trap: trap_request=0xffffffc6 fr.pc=0x000001b707b0f98c relative=0x000000000000110c
Event: 1.392 Thread 0x000001b7732be540 Uncommon trap: reason=bimorphic_or_optimized_type_check action=maybe_recompile pc=0x000001b707b0f98c method=java.util.HashMap.putVal(ILjava/lang/Object;Ljava/lang/Object;ZZ)Ljava/lang/Object; @ 56 c2
Event: 1.392 Thread 0x000001b7732be540 DEOPT PACKING pc=0x000001b707b0f98c sp=0x00000041f71fd660
Event: 1.392 Thread 0x000001b7732be540 DEOPT UNPACKING pc=0x000001b7075846a2 sp=0x00000041f71fd618 mode 2
Event: 1.392 Thread 0x000001b7732be540 Uncommon trap: trap_request=0xffffffc6 fr.pc=0x000001b707b0f98c relative=0x000000000000110c
Event: 1.392 Thread 0x000001b7732be540 Uncommon trap: reason=bimorphic_or_optimized_type_check action=maybe_recompile pc=0x000001b707b0f98c method=java.util.HashMap.putVal(ILjava/lang/Object;Ljava/lang/Object;ZZ)Ljava/lang/Object; @ 56 c2
Event: 1.392 Thread 0x000001b7732be540 DEOPT PACKING pc=0x000001b707b0f98c sp=0x00000041f71fd660
Event: 1.392 Thread 0x000001b7732be540 DEOPT UNPACKING pc=0x000001b7075846a2 sp=0x00000041f71fd618 mode 2
Event: 1.392 Thread 0x000001b7732be540 Uncommon trap: trap_request=0xffffffc6 fr.pc=0x000001b707b0f98c relative=0x000000000000110c
Event: 1.392 Thread 0x000001b7732be540 Uncommon trap: reason=bimorphic_or_optimized_type_check action=maybe_recompile pc=0x000001b707b0f98c method=java.util.HashMap.putVal(ILjava/lang/Object;Ljava/lang/Object;ZZ)Ljava/lang/Object; @ 56 c2
Event: 1.392 Thread 0x000001b7732be540 DEOPT PACKING pc=0x000001b707b0f98c sp=0x00000041f71fd660
Event: 1.392 Thread 0x000001b7732be540 DEOPT UNPACKING pc=0x000001b7075846a2 sp=0x00000041f71fd618 mode 2
Event: 1.392 Thread 0x000001b7732be540 Uncommon trap: trap_request=0xffffffc6 fr.pc=0x000001b707b0f98c relative=0x000000000000110c
Event: 1.392 Thread 0x000001b7732be540 Uncommon trap: reason=bimorphic_or_optimized_type_check action=maybe_recompile pc=0x000001b707b0f98c method=java.util.HashMap.putVal(ILjava/lang/Object;Ljava/lang/Object;ZZ)Ljava/lang/Object; @ 56 c2
Event: 1.392 Thread 0x000001b7732be540 DEOPT PACKING pc=0x000001b707b0f98c sp=0x00000041f71fd660
Event: 1.392 Thread 0x000001b7732be540 DEOPT UNPACKING pc=0x000001b7075846a2 sp=0x00000041f71fd618 mode 2

Classes loaded (20 events):
Event: 1.391 Loading class java/lang/ProcessEnvironment$EntryComparator
Event: 1.391 Loading class java/lang/ProcessEnvironment$EntryComparator done
Event: 1.392 Loading class java/lang/ProcessEnvironment$CheckedEntrySet
Event: 1.392 Loading class java/lang/ProcessEnvironment$CheckedEntrySet done
Event: 1.392 Loading class java/lang/ProcessEnvironment$CheckedEntrySet$1
Event: 1.392 Loading class java/lang/ProcessEnvironment$CheckedEntrySet$1 done
Event: 1.392 Loading class java/lang/ProcessEnvironment$CheckedEntry
Event: 1.392 Loading class java/lang/ProcessEnvironment$CheckedEntry done
Event: 1.425 Loading class java/lang/Throwable$WrappedPrintStream
Event: 1.425 Loading class java/lang/Throwable$PrintStreamOrWriter
Event: 1.425 Loading class java/lang/Throwable$PrintStreamOrWriter done
Event: 1.425 Loading class java/lang/Throwable$WrappedPrintStream done
Event: 1.426 Loading class java/lang/StackTraceElement$HashedModules
Event: 1.426 Loading class java/lang/StackTraceElement$HashedModules done
Event: 1.428 Loading class java/util/concurrent/BlockingDeque
Event: 1.428 Loading class java/util/concurrent/BlockingDeque done
Event: 1.428 Loading class java/util/concurrent/LinkedBlockingDeque
Event: 1.428 Loading class java/util/concurrent/LinkedBlockingDeque done
Event: 1.435 Loading class java/lang/NumberFormatException
Event: 1.435 Loading class java/lang/NumberFormatException done

Classes unloaded (0 events):
No events

Classes redefined (0 events):
No events

Internal exceptions (12 events):
Event: 1.032 Thread 0x000001b7732be540 Exception <a 'java/lang/NoSuchMethodError'{0x0000000711e484c0}: 'void java.lang.invoke.DirectMethodHandle$Holder.invokeVirtual(java.lang.Object, java.lang.Object)'> (0x0000000711e484c0) 
thrown [s\open\src\hotspot\share\interpreter\linkResolver.cpp, line 773]
Event: 1.123 Thread 0x000001b7732be540 Exception <a 'java/lang/NoSuchMethodError'{0x0000000711f9ee00}: 'void java.lang.invoke.DirectMethodHandle$Holder.invokeStatic(java.lang.Object, java.lang.Object, java.lang.Object)'> (0x0000000711f9ee00) 
thrown [s\open\src\hotspot\share\interpreter\linkResolver.cpp, line 773]
Event: 1.127 Thread 0x000001b7732be540 Exception <a 'java/lang/NoSuchMethodError'{0x0000000711fb1488}: 'java.lang.Object java.lang.invoke.Invokers$Holder.invokeExact_MT(java.lang.Object, java.lang.Object, java.lang.Object, java.lang.Object, java.lang.Object)'> (0x0000000711fb1488) 
thrown [s\open\src\hotspot\share\interpreter\linkResolver.cpp, line 773]
Event: 1.190 Thread 0x000001b7732be540 Exception <a 'java/lang/NoSuchMethodError'{0x0000000711d96970}: 'void java.lang.invoke.DirectMethodHandle$Holder.invokeStatic(java.lang.Object, java.lang.Object, java.lang.Object, java.lang.Object)'> (0x0000000711d96970) 
thrown [s\open\src\hotspot\share\interpreter\linkResolver.cpp, line 773]
Event: 1.191 Thread 0x000001b7732be540 Exception <a 'java/lang/NoSuchMethodError'{0x0000000711d9a3f8}: 'void java.lang.invoke.DirectMethodHandle$Holder.invokeSpecial(java.lang.Object, java.lang.Object, java.lang.Object, java.lang.Object, java.lang.Object)'> (0x0000000711d9a3f8) 
thrown [s\open\src\hotspot\share\interpreter\linkResolver.cpp, line 773]
Event: 1.193 Thread 0x000001b7732be540 Exception <a 'java/lang/NoSuchMethodError'{0x0000000711dad2d8}: 'java.lang.Object java.lang.invoke.Invokers$Holder.invokeExact_MT(java.lang.Object, java.lang.Object, java.lang.Object, java.lang.Object, java.lang.Object, java.lang.Object)'> (0x0000000711dad2d8) 
thrown [s\open\src\hotspot\share\interpreter\linkResolver.cpp, line 773]
Event: 1.194 Thread 0x000001b7732be540 Exception <a 'java/lang/NoSuchMethodError'{0x0000000711db2150}: 'void java.lang.invoke.DirectMethodHandle$Holder.invokeStatic(java.lang.Object, java.lang.Object)'> (0x0000000711db2150) 
thrown [s\open\src\hotspot\share\interpreter\linkResolver.cpp, line 773]
Event: 1.323 Thread 0x000001b7732be540 Exception <a 'java/lang/NoSuchMethodError'{0x00000007115ab710}: 'void java.lang.invoke.DirectMethodHandle$Holder.invokeSpecial(java.lang.Object, java.lang.Object, java.lang.Object)'> (0x00000007115ab710) 
thrown [s\open\src\hotspot\share\interpreter\linkResolver.cpp, line 773]
Event: 1.379 Thread 0x000001b7732be540 Exception <a 'java/lang/NoSuchMethodError'{0x0000000712650368}: 'int java.lang.invoke.DirectMethodHandle$Holder.invokeStaticInit(java.lang.Object, java.lang.Object, java.lang.Object)'> (0x0000000712650368) 
thrown [s\open\src\hotspot\share\interpreter\linkResolver.cpp, line 773]
Event: 1.425 Thread 0x000001b7732be540 Exception <a 'java/lang/NoSuchMethodError'{0x0000000712449708}: notifyPreferencesChanged> (0x0000000712449708) 
thrown [s\open\src\hotspot\share\prims\jni.cpp, line 1077]
Event: 1.430 Thread 0x000001b7732be540 Exception <a 'java/lang/NoSuchMethodError'{0x000000071246d358}: 'java.lang.Object java.lang.invoke.DirectMethodHandle$Holder.newInvokeSpecial(java.lang.Object, java.lang.Object, int, java.lang.Object)'> (0x000000071246d358) 
thrown [s\open\src\hotspot\share\interpreter\linkResolver.cpp, line 773]
Event: 1.431 Thread 0x000001b7732be540 Exception <a 'java/lang/NoSuchMethodError'{0x00000007124714b0}: 'java.lang.Object java.lang.invoke.DirectMethodHandle$Holder.invokeSpecial(java.lang.Object, java.lang.Object, java.lang.Object, int, java.lang.Object)'> (0x00000007124714b0) 
thrown [s\open\src\hotspot\share\interpreter\linkResolver.cpp, line 773]

ZGC Phase Switch (0 events):
No events

VM Operations (10 events):
Event: 0.316 Executing VM operation: HandshakeAllThreads (Deoptimize)
Event: 0.317 Executing VM operation: HandshakeAllThreads (Deoptimize) done
Event: 0.317 Executing VM operation: HandshakeAllThreads (Deoptimize)
Event: 0.317 Executing VM operation: HandshakeAllThreads (Deoptimize) done
Event: 0.546 Executing VM operation: ChangeBreakpoints
Event: 0.546 Executing VM operation: ChangeBreakpoints done
Event: 1.329 Executing VM operation: G1CollectForAllocation (G1 Evacuation Pause)
Event: 1.332 Executing VM operation: G1CollectForAllocation (G1 Evacuation Pause) done
Event: 1.391 Executing VM operation: HandshakeAllThreads (Deoptimize)
Event: 1.391 Executing VM operation: HandshakeAllThreads (Deoptimize) done

Events (20 events):
Event: 0.060 Thread 0x000001b77f8de2c0 Thread added: 0x000001b77f8de2c0
Event: 0.060 Thread 0x000001b77f8def20 Thread added: 0x000001b77f8def20
Event: 0.060 Thread 0x000001b77f8e1a90 Thread added: 0x000001b77f8e1a90
Event: 0.060 Thread 0x000001b77f8e24f0 Thread added: 0x000001b77f8e24f0
Event: 0.061 Thread 0x000001b77f8e3280 Thread added: 0x000001b77f8e3280
Event: 0.061 Thread 0x000001b77f8e7bf0 Thread added: 0x000001b77f8e7bf0
Event: 0.142 Thread 0x000001b7581f4b80 Thread added: 0x000001b7581f4b80
Event: 0.257 Thread 0x000001b7582f8160 Thread added: 0x000001b7582f8160
Event: 0.268 Thread 0x000001b7582f8810 Thread added: 0x000001b7582f8810
Event: 0.407 Thread 0x000001b7585f2780 Thread added: 0x000001b7585f2780
Event: 0.408 Thread 0x000001b75888c7a0 Thread added: 0x000001b75888c7a0
Event: 0.413 Thread 0x000001b75888ce20 Thread added: 0x000001b75888ce20
Event: 0.945 Thread 0x000001b7582f8810 Thread exited: 0x000001b7582f8810
Event: 0.946 Thread 0x000001b7582f8160 Thread exited: 0x000001b7582f8160
Event: 0.955 Thread 0x000001b7582f8570 Thread added: 0x000001b7582f8570
Event: 0.955 Thread 0x000001b758db7990 Thread added: 0x000001b758db7990
Event: 1.132 Thread 0x000001b758ef0ce0 Thread added: 0x000001b758ef0ce0
Event: 1.338 Thread 0x000001b7591ab580 Thread added: 0x000001b7591ab580
Event: 1.428 Thread 0x000001b758b96de0 Thread added: 0x000001b758b96de0
Event: 1.433 Thread 0x000001b758b99fe0 Thread added: 0x000001b758b99fe0


Dynamic libraries:
0x00007ff7f3a60000 - 0x00007ff7f3a70000 	C:\Program Files\Java\jdk-21\bin\javaw.exe
0x00007ffce8d70000 - 0x00007ffce8f87000 	C:\WINDOWS\SYSTEM32\ntdll.dll
0x00007ffce89d0000 - 0x00007ffce8a94000 	C:\WINDOWS\System32\KERNEL32.DLL
0x00007ffce65b0000 - 0x00007ffce6967000 	C:\WINDOWS\System32\KERNELBASE.dll
0x00007ffce6490000 - 0x00007ffce65a1000 	C:\WINDOWS\System32\ucrtbase.dll
0x00007ffcdf9c0000 - 0x00007ffcdf9d9000 	C:\Program Files\Java\jdk-21\bin\jli.dll
0x00007ffcde420000 - 0x00007ffcde43b000 	C:\Program Files\Java\jdk-21\bin\VCRUNTIME140.dll
0x00007ffce83e0000 - 0x00007ffce8492000 	C:\WINDOWS\System32\ADVAPI32.dll
0x00007ffce75e0000 - 0x00007ffce7687000 	C:\WINDOWS\System32\msvcrt.dll
0x00007ffce8b20000 - 0x00007ffce8bc8000 	C:\WINDOWS\System32\sechost.dll
0x00007ffce60b0000 - 0x00007ffce60d8000 	C:\WINDOWS\System32\bcrypt.dll
0x00007ffce7f00000 - 0x00007ffce8014000 	C:\WINDOWS\System32\RPCRT4.dll
0x00007ffce7160000 - 0x00007ffce730f000 	C:\WINDOWS\System32\USER32.dll
0x00007ffce6080000 - 0x00007ffce60a6000 	C:\WINDOWS\System32\win32u.dll
0x00007ffce83b0000 - 0x00007ffce83d9000 	C:\WINDOWS\System32\GDI32.dll
0x00007ffcd0940000 - 0x00007ffcd0bd3000 	C:\WINDOWS\WinSxS\amd64_microsoft.windows.common-controls_6595b64144ccf1df_6.0.22621.3672_none_2713b9d173822955\COMCTL32.dll
0x00007ffce6160000 - 0x00007ffce6278000 	C:\WINDOWS\System32\gdi32full.dll
0x00007ffce6280000 - 0x00007ffce631a000 	C:\WINDOWS\System32\msvcp_win.dll
0x00007ffcded90000 - 0x00007ffcded9a000 	C:\WINDOWS\SYSTEM32\VERSION.dll
0x00007ffce6de0000 - 0x00007ffce6e11000 	C:\WINDOWS\System32\IMM32.DLL
0x00007ffce2da0000 - 0x00007ffce2dac000 	C:\Program Files\Java\jdk-21\bin\vcruntime140_1.dll
0x00007ffcd4b80000 - 0x00007ffcd4c0e000 	C:\Program Files\Java\jdk-21\bin\msvcp140.dll
0x00007ffc8f820000 - 0x00007ffc90533000 	C:\Program Files\Java\jdk-21\bin\server\jvm.dll
0x00007ffce8aa0000 - 0x00007ffce8b11000 	C:\WINDOWS\System32\WS2_32.dll
0x00007ffce4ef0000 - 0x00007ffce4f3d000 	C:\WINDOWS\SYSTEM32\POWRPROF.dll
0x00007ffcdff60000 - 0x00007ffcdff94000 	C:\WINDOWS\SYSTEM32\WINMM.dll
0x00007ffce4ed0000 - 0x00007ffce4ee3000 	C:\WINDOWS\SYSTEM32\UMPDC.dll
0x00007ffce5120000 - 0x00007ffce5138000 	C:\WINDOWS\SYSTEM32\kernel.appcore.dll
0x00007ffce2db0000 - 0x00007ffce2dba000 	C:\Program Files\Java\jdk-21\bin\jimage.dll
0x00007ffcd3c70000 - 0x00007ffcd3ea2000 	C:\WINDOWS\SYSTEM32\DBGHELP.DLL
0x00007ffce8020000 - 0x00007ffce83ae000 	C:\WINDOWS\System32\combase.dll
0x00007ffce7490000 - 0x00007ffce7567000 	C:\WINDOWS\System32\OLEAUT32.dll
0x00007ffccaa30000 - 0x00007ffccaa62000 	C:\WINDOWS\SYSTEM32\dbgcore.DLL
0x00007ffce60e0000 - 0x00007ffce615b000 	C:\WINDOWS\System32\bcryptPrimitives.dll
0x00007ffcd4400000 - 0x00007ffcd443c000 	C:\Program Files\Java\jdk-21\bin\jdwp.dll
0x00007ffcdb4d0000 - 0x00007ffcdb4df000 	C:\Program Files\Java\jdk-21\bin\instrument.dll
0x00007ffcdb580000 - 0x00007ffcdb59f000 	C:\Program Files\Java\jdk-21\bin\java.dll
0x00007ffce7690000 - 0x00007ffce7ef9000 	C:\WINDOWS\System32\SHELL32.dll
0x00007ffce3fb0000 - 0x00007ffce48af000 	C:\WINDOWS\SYSTEM32\windows.storage.dll
0x00007ffce3e70000 - 0x00007ffce3faf000 	C:\WINDOWS\SYSTEM32\wintypes.dll
0x00007ffce7380000 - 0x00007ffce7479000 	C:\WINDOWS\System32\SHCORE.dll
0x00007ffce7320000 - 0x00007ffce737e000 	C:\WINDOWS\System32\shlwapi.dll
0x00007ffce5fb0000 - 0x00007ffce5fd7000 	C:\WINDOWS\SYSTEM32\profapi.dll
0x00007ffcd51c0000 - 0x00007ffcd5297000 	C:\Program Files\Java\jdk-21\bin\jsvml.dll
0x00007ffcdb570000 - 0x00007ffcdb580000 	C:\Program Files\Java\jdk-21\bin\net.dll
0x00007ffce2380000 - 0x00007ffce24b6000 	C:\WINDOWS\SYSTEM32\WINHTTP.dll
0x00007ffce55e0000 - 0x00007ffce5649000 	C:\WINDOWS\system32\mswsock.dll
0x00007ffcdb550000 - 0x00007ffcdb566000 	C:\Program Files\Java\jdk-21\bin\nio.dll
0x00007ffcdb530000 - 0x00007ffcdb548000 	C:\Program Files\Java\jdk-21\bin\zip.dll
0x00007ffcdb0e0000 - 0x00007ffcdb0ec000 	C:\Program Files\Java\jdk-21\bin\dt_socket.dll
0x00007ffce4b80000 - 0x00007ffce4bad000 	C:\WINDOWS\SYSTEM32\IPHLPAPI.DLL
0x00007ffce4bf0000 - 0x00007ffce4cf2000 	C:\WINDOWS\SYSTEM32\DNSAPI.dll
0x00007ffce7310000 - 0x00007ffce7319000 	C:\WINDOWS\System32\NSI.dll
0x00007ffcde410000 - 0x00007ffcde41a000 	C:\Windows\System32\rasadhlp.dll
0x00007ffce08a0000 - 0x00007ffce0923000 	C:\WINDOWS\System32\fwpuclnt.dll
0x00007ffcdb520000 - 0x00007ffcdb530000 	C:\Program Files\Java\jdk-21\bin\verify.dll
0x000001b712f80000 - 0x000001b712f83000 	D:\Hoc_voi_cha_hanh\javafx-sdk-23\bin\api-ms-win-core-console-l1-1-0.dll
0x000001b712f90000 - 0x000001b712f93000 	D:\Hoc_voi_cha_hanh\javafx-sdk-23\bin\api-ms-win-core-console-l1-2-0.dll
0x000001b712fa0000 - 0x000001b712fa3000 	D:\Hoc_voi_cha_hanh\javafx-sdk-23\bin\api-ms-win-core-datetime-l1-1-0.dll
0x000001b712fb0000 - 0x000001b712fb3000 	D:\Hoc_voi_cha_hanh\javafx-sdk-23\bin\api-ms-win-core-debug-l1-1-0.dll
0x000001b712fc0000 - 0x000001b712fc3000 	D:\Hoc_voi_cha_hanh\javafx-sdk-23\bin\api-ms-win-core-errorhandling-l1-1-0.dll
0x000001b712fd0000 - 0x000001b712fd4000 	D:\Hoc_voi_cha_hanh\javafx-sdk-23\bin\api-ms-win-core-file-l1-1-0.dll
0x000001b712fe0000 - 0x000001b712fe3000 	D:\Hoc_voi_cha_hanh\javafx-sdk-23\bin\api-ms-win-core-file-l1-2-0.dll
0x000001b712ff0000 - 0x000001b712ff3000 	D:\Hoc_voi_cha_hanh\javafx-sdk-23\bin\api-ms-win-core-file-l2-1-0.dll
0x000001b75a010000 - 0x000001b75a013000 	D:\Hoc_voi_cha_hanh\javafx-sdk-23\bin\api-ms-win-core-handle-l1-1-0.dll
0x000001b75a020000 - 0x000001b75a023000 	D:\Hoc_voi_cha_hanh\javafx-sdk-23\bin\api-ms-win-core-heap-l1-1-0.dll
0x000001b75a030000 - 0x000001b75a033000 	D:\Hoc_voi_cha_hanh\javafx-sdk-23\bin\api-ms-win-core-interlocked-l1-1-0.dll
0x000001b75a040000 - 0x000001b75a043000 	D:\Hoc_voi_cha_hanh\javafx-sdk-23\bin\api-ms-win-core-libraryloader-l1-1-0.dll
0x000001b75a050000 - 0x000001b75a053000 	D:\Hoc_voi_cha_hanh\javafx-sdk-23\bin\api-ms-win-core-localization-l1-2-0.dll
0x000001b75a060000 - 0x000001b75a063000 	D:\Hoc_voi_cha_hanh\javafx-sdk-23\bin\api-ms-win-core-memory-l1-1-0.dll
0x000001b75a070000 - 0x000001b75a073000 	D:\Hoc_voi_cha_hanh\javafx-sdk-23\bin\api-ms-win-core-namedpipe-l1-1-0.dll
0x000001b75a080000 - 0x000001b75a083000 	D:\Hoc_voi_cha_hanh\javafx-sdk-23\bin\api-ms-win-core-processenvironment-l1-1-0.dll
0x000001b75a090000 - 0x000001b75a093000 	D:\Hoc_voi_cha_hanh\javafx-sdk-23\bin\api-ms-win-core-processthreads-l1-1-0.dll
0x000001b75a0a0000 - 0x000001b75a0a3000 	D:\Hoc_voi_cha_hanh\javafx-sdk-23\bin\api-ms-win-core-processthreads-l1-1-1.dll
0x000001b75a0b0000 - 0x000001b75a0b3000 	D:\Hoc_voi_cha_hanh\javafx-sdk-23\bin\api-ms-win-core-profile-l1-1-0.dll
0x000001b75a0c0000 - 0x000001b75a0c3000 	D:\Hoc_voi_cha_hanh\javafx-sdk-23\bin\api-ms-win-core-rtlsupport-l1-1-0.dll
0x000001b75a0d0000 - 0x000001b75a0d3000 	D:\Hoc_voi_cha_hanh\javafx-sdk-23\bin\api-ms-win-core-string-l1-1-0.dll
0x000001b75a0e0000 - 0x000001b75a0e3000 	D:\Hoc_voi_cha_hanh\javafx-sdk-23\bin\api-ms-win-core-synch-l1-1-0.dll
0x000001b75a0f0000 - 0x000001b75a0f3000 	D:\Hoc_voi_cha_hanh\javafx-sdk-23\bin\api-ms-win-core-synch-l1-2-0.dll
0x000001b75a100000 - 0x000001b75a103000 	D:\Hoc_voi_cha_hanh\javafx-sdk-23\bin\api-ms-win-core-sysinfo-l1-1-0.dll
0x000001b75a110000 - 0x000001b75a113000 	D:\Hoc_voi_cha_hanh\javafx-sdk-23\bin\api-ms-win-core-timezone-l1-1-0.dll
0x000001b75a120000 - 0x000001b75a123000 	D:\Hoc_voi_cha_hanh\javafx-sdk-23\bin\api-ms-win-core-util-l1-1-0.dll
0x000001b75a130000 - 0x000001b75a133000 	D:\Hoc_voi_cha_hanh\javafx-sdk-23\bin\api-ms-win-crt-conio-l1-1-0.dll
0x000001b75a140000 - 0x000001b75a144000 	D:\Hoc_voi_cha_hanh\javafx-sdk-23\bin\api-ms-win-crt-convert-l1-1-0.dll
0x000001b75a150000 - 0x000001b75a153000 	D:\Hoc_voi_cha_hanh\javafx-sdk-23\bin\api-ms-win-crt-environment-l1-1-0.dll
0x000001b75a160000 - 0x000001b75a163000 	D:\Hoc_voi_cha_hanh\javafx-sdk-23\bin\api-ms-win-crt-filesystem-l1-1-0.dll
0x000001b75a170000 - 0x000001b75a173000 	D:\Hoc_voi_cha_hanh\javafx-sdk-23\bin\api-ms-win-crt-heap-l1-1-0.dll
0x000001b75a180000 - 0x000001b75a183000 	D:\Hoc_voi_cha_hanh\javafx-sdk-23\bin\api-ms-win-crt-locale-l1-1-0.dll
0x000001b75a190000 - 0x000001b75a195000 	D:\Hoc_voi_cha_hanh\javafx-sdk-23\bin\api-ms-win-crt-math-l1-1-0.dll
0x000001b75a1a0000 - 0x000001b75a1a5000 	D:\Hoc_voi_cha_hanh\javafx-sdk-23\bin\api-ms-win-crt-multibyte-l1-1-0.dll
0x000001b75a1b0000 - 0x000001b75a1c0000 	D:\Hoc_voi_cha_hanh\javafx-sdk-23\bin\api-ms-win-crt-private-l1-1-0.dll
0x000001b75a1c0000 - 0x000001b75a1c3000 	D:\Hoc_voi_cha_hanh\javafx-sdk-23\bin\api-ms-win-crt-process-l1-1-0.dll
0x000001b75a1d0000 - 0x000001b75a1d4000 	D:\Hoc_voi_cha_hanh\javafx-sdk-23\bin\api-ms-win-crt-runtime-l1-1-0.dll
0x000001b75a1e0000 - 0x000001b75a1e4000 	D:\Hoc_voi_cha_hanh\javafx-sdk-23\bin\api-ms-win-crt-stdio-l1-1-0.dll
0x000001b75a1f0000 - 0x000001b75a1f4000 	D:\Hoc_voi_cha_hanh\javafx-sdk-23\bin\api-ms-win-crt-string-l1-1-0.dll
0x000001b75a200000 - 0x000001b75a203000 	D:\Hoc_voi_cha_hanh\javafx-sdk-23\bin\api-ms-win-crt-time-l1-1-0.dll
0x000001b75a210000 - 0x000001b75a213000 	D:\Hoc_voi_cha_hanh\javafx-sdk-23\bin\api-ms-win-crt-utility-l1-1-0.dll
0x00007ffc9f510000 - 0x00007ffc9f60c000 	D:\Hoc_voi_cha_hanh\javafx-sdk-23\bin\ucrtbase.dll
0x00007ffcdb0c0000 - 0x00007ffcdb0db000 	D:\Hoc_voi_cha_hanh\javafx-sdk-23\bin\vcruntime140.dll
0x00007ffcd99f0000 - 0x00007ffcd99fc000 	D:\Hoc_voi_cha_hanh\javafx-sdk-23\bin\vcruntime140_1.dll
0x00007ffcbdd40000 - 0x00007ffcbddce000 	D:\Hoc_voi_cha_hanh\javafx-sdk-23\bin\msvcp140.dll
0x00007ffcd7760000 - 0x00007ffcd7769000 	D:\Hoc_voi_cha_hanh\javafx-sdk-23\bin\msvcp140_1.dll
0x00007ffcb6cc0000 - 0x00007ffcb6d01000 	D:\Hoc_voi_cha_hanh\javafx-sdk-23\bin\msvcp140_2.dll
0x00007ffcba090000 - 0x00007ffcba0c0000 	D:\Hoc_voi_cha_hanh\javafx-sdk-23\bin\prism_d3d.dll
0x00007ffcbaa50000 - 0x00007ffcbabf8000 	C:\WINDOWS\system32\d3d9.dll
0x00007ffce3780000 - 0x00007ffce37ab000 	C:\WINDOWS\SYSTEM32\dwmapi.dll
0x00007ffce37b0000 - 0x00007ffce37e7000 	C:\WINDOWS\SYSTEM32\dxcore.dll
0x00007ffce34b0000 - 0x00007ffce3561000 	C:\WINDOWS\system32\uxtheme.dll
0x00007ffc9f320000 - 0x00007ffc9f483000 	C:\WINDOWS\System32\DriverStore\FileRepository\iigd_dch.inf_amd64_3e62be9c39fb0007\igdumdim64.dll
0x00007ffc89aa0000 - 0x00007ffc8d80b000 	C:\WINDOWS\System32\DriverStore\FileRepository\iigd_dch.inf_amd64_3e62be9c39fb0007\igd9dxva64.dll
0x00007ffce6e40000 - 0x00007ffce6fe5000 	C:\WINDOWS\System32\OLE32.DLL
0x00007ffcd3960000 - 0x00007ffcd3b00000 	C:\WINDOWS\System32\DriverStore\FileRepository\iigd_dch.inf_amd64_3e62be9c39fb0007\igdgmm64.dll
0x00007ffcdea40000 - 0x00007ffcdea89000 	C:\WINDOWS\SYSTEM32\directxdatabasehelper.dll
0x00007ffc92f80000 - 0x00007ffc92fc5000 	D:\Hoc_voi_cha_hanh\javafx-sdk-23\bin\glass.dll
0x00007ffce8c30000 - 0x00007ffce8d2f000 	C:\WINDOWS\System32\COMDLG32.dll
0x00007ffca5290000 - 0x00007ffca53c3000 	C:\ProgramData\A-Volute\A-Volute.Nahimic\Modules\Scheduled\x64\AudioDevProps2.dll
0x00007ffce6aa0000 - 0x00007ffce6c00000 	C:\WINDOWS\System32\MSCTF.dll

dbghelp: loaded successfully - version: 4.0.5 - missing functions: none
symbol engine: initialized successfully - sym options: 0x614 - pdb path: .;C:\Program Files\Java\jdk-21\bin;C:\WINDOWS\SYSTEM32;C:\WINDOWS\WinSxS\amd64_microsoft.windows.common-controls_6595b64144ccf1df_6.0.22621.3672_none_2713b9d173822955;C:\Program Files\Java\jdk-21\bin\server;D:\Hoc_voi_cha_hanh\javafx-sdk-23\bin;C:\WINDOWS\System32\DriverStore\FileRepository\iigd_dch.inf_amd64_3e62be9c39fb0007;C:\ProgramData\A-Volute\A-Volute.Nahimic\Modules\Scheduled\x64

VM Arguments:
jvm_args: -XX:+ShowCodeDetailsInExceptionMessages -agentlib:jdwp=transport=dt_socket,suspend=y,address=localhost:64997 --module-path=D:\Hoc_voi_cha_hanh\javafx-sdk-21.0.5\lib --add-modules=javafx.controls,javafx.fxml -javaagent:C:\Users\tranc\eclipse\jee-2024-064\eclipse\configuration\org.eclipse.osgi\448\0\.cp\lib\javaagent-shaded.jar -Dfile.encoding=UTF-8 -Dstdout.encoding=UTF-8 -Dstderr.encoding=UTF-8 --module-path=D:\Hoc_voi_cha_hanh\javafx-sdk-23\lib\javafx.base.jar;D:\Hoc_voi_cha_hanh\javafx-sdk-23\lib\javafx.controls.jar;D:\Hoc_voi_cha_hanh\javafx-sdk-23\lib\javafx.fxml.jar;D:\Hoc_voi_cha_hanh\javafx-sdk-23\lib\javafx.graphics.jar;D:\Hoc_voi_cha_hanh\javafx-sdk-23\lib\javafx.media.jar;D:\Hoc_voi_cha_hanh\javafx-sdk-23\lib\javafx.swing.jar;D:\Hoc_voi_cha_hanh\javafx-sdk-23\lib\javafx.web.jar;D:\Hoc_voi_cha_hanh\javafx-sdk-23\lib\javafx-swt.jar 
java_command: fall24.hsf301.slot1.fxgui.Main
java_class_path (initial): C:\Users\tranc\eclipse-workspace\StudentManageG\bin;C:\Users\tranc\.p2\pool\plugins\org.eclipse.fx.ide.css.jfx8_3.10.0.202303150700.jar;C:\Users\tranc\eclipse-workspace\HSF301_Chapter01_Ex_02_ManyToOne\target\classes;C:\Users\tranc\.m2\repository\org\hibernate\hibernate-entitymanager\5.6.9.Final\hibernate-entitymanager-5.6.9.Final.jar;C:\Users\tranc\.m2\repository\org\jboss\logging\jboss-logging\3.4.3.Final\jboss-logging-3.4.3.Final.jar;C:\Users\tranc\.m2\repository\org\hibernate\hibernate-core\5.6.9.Final\hibernate-core-5.6.9.Final.jar;C:\Users\tranc\.m2\repository\antlr\antlr\2.7.7\antlr-2.7.7.jar;C:\Users\tranc\.m2\repository\org\jboss\jandex\2.4.2.Final\jandex-2.4.2.Final.jar;C:\Users\tranc\.m2\repository\com\fasterxml\classmate\1.5.1\classmate-1.5.1.jar;C:\Users\tranc\.m2\repository\javax\activation\javax.activation-api\1.2.0\javax.activation-api-1.2.0.jar;C:\Users\tranc\.m2\repository\javax\xml\bind\jaxb-api\2.3.1\jaxb-api-2.3.1.jar;C:\Users\tranc\.m2\repository\org\glassfish\jaxb\jaxb-runtime\2.3.1\jaxb-runtime-2.3.1.jar;C:\Users\tranc\.m2\repository\org\glassfish\jaxb\txw2\2.3.1\txw2-2.3.1.jar;C:\Users\tranc\.m2\repository\com\sun\istack\istack-commons-runtime\3.0.7\istack-commons-runtime-3.0.7.jar;C:\Users\tranc\.m2\repository\org\jvnet\staxex\stax-ex\1.8\stax-ex-1.8.jar;C:\Users\tranc\.m2\repository\com\sun\xml\fastinfoset\FastInfoset\1.2.15\FastInfoset-1.2.15.jar;C:\Users\tranc\.m2\repository\org\hibernate\common\hibernate-commons-annotations\5.1.2.Final\hibernate-commons-annotations-5.1.2.Final.jar;C:\Users\tranc\.m2\repository\javax\persistence\javax.persistence-api\2.2\javax.persistence-api-2.2.jar;C:\Users\tranc\.m2\repository\net\bytebuddy\byte-buddy\1.12.9\byte-buddy-1.12.9.jar;C:\Users\tranc\.m2\repository\org\jboss\spec\javax\transaction\jboss-transaction-api_1.2_spec\1.1.1.Final\jboss-transaction-api_1.2_spec-1.1.1.Final.jar;C:\Users\tranc\.m2\repository\com\microsoft\sqlserver\mssql-jdbc\11.2.3.jre17\mssql-jdbc-11.2.3.jre17.jar
Launcher Type: SUN_STANDARD

[Global flags]
     intx CICompilerCount                          = 4                                         {product} {ergonomic}
     uint ConcGCThreads                            = 3                                         {product} {ergonomic}
     uint G1ConcRefinementThreads                  = 10                                        {product} {ergonomic}
   size_t G1HeapRegionSize                         = 2097152                                   {product} {ergonomic}
    uintx GCDrainStackTargetSize                   = 64                                        {product} {ergonomic}
   size_t InitialHeapSize                          = 266338304                                 {product} {ergonomic}
   size_t MarkStackSize                            = 4194304                                   {product} {ergonomic}
   size_t MaxHeapSize                              = 4248829952                                {product} {ergonomic}
   size_t MaxNewSize                               = 2548039680                                {product} {ergonomic}
   size_t MinHeapDeltaBytes                        = 2097152                                   {product} {ergonomic}
   size_t MinHeapSize                              = 8388608                                   {product} {ergonomic}
    uintx NonNMethodCodeHeapSize                   = 5839372                                {pd product} {ergonomic}
    uintx NonProfiledCodeHeapSize                  = 122909434                              {pd product} {ergonomic}
    uintx ProfiledCodeHeapSize                     = 122909434                              {pd product} {ergonomic}
    uintx ReservedCodeCacheSize                    = 251658240                              {pd product} {ergonomic}
     bool SegmentedCodeCache                       = true                                      {product} {ergonomic}
     bool ShowCodeDetailsInExceptionMessages       = true                                   {manageable} {command line}
   size_t SoftMaxHeapSize                          = 4248829952                             {manageable} {ergonomic}
     bool UseCompressedOops                        = true                           {product lp64_product} {ergonomic}
     bool UseG1GC                                  = true                                      {product} {ergonomic}
     bool UseLargePagesIndividualAllocation        = false                                  {pd product} {ergonomic}

Logging:
Log output configuration:
 #0: stdout all=warning uptime,level,tags foldmultilines=false
 #1: stderr all=off uptime,level,tags foldmultilines=false

Environment Variables:
JAVA_HOME=C:\Program Files\Java\jdk-21
CLASSPATH=C:\Program Files\Java\jdk-17\bin
PATH=C:/Program Files/Java/jdk-21/bin/server;C:/Program Files/Java/jdk-21/bin;C:\Program Files\Java\jdk-21\bin;C:\Python312\Scripts\;C:\Python312\;C:\Program Files\Common Files\Oracle\Java\javapath;C:\Program Files (x86)\Common Files\Oracle\Java\javapath;C:\Windows\system32;C:\Windows;C:\Windows\System32\Wbem;C:\Windows\System32\WindowsPowerShell\v1.0\;C:\Windows\System32\OpenSSH\;C:\Program Files (x86)\NVIDIA Corporation\PhysX\Common;C:\Program Files\NVIDIA Corporation\NVIDIA NvDLISR;C:\WINDOWS\system32;C:\WINDOWS;C:\WINDOWS\System32\Wbem;C:\WINDOWS\System32\WindowsPowerShell\v1.0\;C:\WINDOWS\System32\OpenSSH\;C:\Program Files\Azure Data Studio\bin;C:\Program Files (x86)\Microsoft SQL Server\160\Tools\Binn\;C:\Program Files\Microsoft SQL Server\160\Tools\Binn\;C:\Program Files\Microsoft SQL Server\Client SDK\ODBC\170\Tools\Binn\;C:\Program Files\Microsoft SQL Server\160\DTS\Binn\;C:\Program Files (x86)\Microsoft SQL Server\160\DTS\Binn\;C:\Program Files\Java\jdk-21\bin;C:\php-8.3.7;C:\composer;C:\Program Files\nodejs\;C:\ProgramData\chocolatey\bin;C:\Program Files\Cloudflare\Cloudflare WARP\;C:\Program Files\dotnet\;C:\Program Files\Git\cmd;C:\Program Files\Docker\Docker\resources\bin;C:\Program Files\k6\;D:\Hoc_voi_cha_hanh\FPT\FALL24\SWT301\k6-v0.54.0-windows-amd64;D:\Hoc_voi_cha_hanh\FPT\FALL24\SWT301\sonar-scanner-6.2.1.4610-windows-x64\bin;C:\Program Files\apache-maven-3.9.9\bin;C:\Users\tranc\AppData\Local\Microsoft\WindowsApps;D:\Microsoft VS Code\bin;C:\Program Files\Azure Data Studio\bin;C:\mingw64\bin;;C:\Program Files\JetBrains\IntelliJ IDEA 2024.1.2\bin;;C:\Program Files\JetBrains\IntelliJ IDEA Community Edition 2024.1.2\bin;;C:\Program Files\JetBrains\PhpStorm 2024.1.1\bin;;C:\Users\tranc\AppData\Roaming\Composer\vendor\bin;C:\Users\tranc\AppData\Roaming\npm;C:\Users\tranc\.dotnet\tools;C:\Users\tranc\OneDrive\Desktop;
USERNAME=tranc
OS=Windows_NT
PROCESSOR_IDENTIFIER=Intel64 Family 6 Model 165 Stepping 2, GenuineIntel
TMP=C:\Users\tranc\AppData\Local\Temp
TEMP=C:\Users\tranc\AppData\Local\Temp




Periodic native trim disabled

---------------  S Y S T E M  ---------------

OS:
 Windows 11 , 64 bit Build 22621 (10.0.22621.3958)
OS uptime: 2 days 1:30 hours
Hyper-V role detected

CPU: total 12 (initial active 12) (6 cores per cpu, 2 threads per core) family 6 model 165 stepping 2 microcode 0xe0, cx8, cmov, fxsr, ht, mmx, 3dnowpref, sse, sse2, sse3, ssse3, sse4.1, sse4.2, popcnt, lzcnt, tsc, tscinvbit, avx, avx2, aes, erms, clmul, bmi1, bmi2, adx, fma, vzeroupper, clflush, clflushopt, hv, rdtscp, f16c
Processor Information for all 12 processors :
  Max Mhz: 2592, Current Mhz: 2592, Mhz Limit: 2592

Memory: 4k page, system-wide physical 16204M (7180M free)
TotalPageFile size 20172M (AvailPageFile size 6538M)
current process WorkingSet (physical memory assigned to process): 89M, peak: 90M
current process commit charge ("private bytes"): 369M, peak: 371M

vm_info: Java HotSpot(TM) 64-Bit Server VM (21.0.4+8-LTS-274) for windows-amd64 JRE (21.0.4+8-LTS-274), built on 2024-06-05T05:23:33Z by "mach5one" with MS VC++ 17.6 (VS2022)

END.
